TN:
SF:src/middleware/compression.js
FN:13,configureCompression
FN:22,(anonymous_1)
FNF:2
FNH:0
FNDA:0,configureCompression
FNDA:0,(anonymous_1)
DA:8,0
DA:14,0
DA:23,0
DA:25,0
DA:29,0
DA:34,0
LF:6
LH:0
BRDA:23,0,0,0
BRDA:23,0,1,0
BRF:2
BRH:0
end_of_record
TN:
SF:src/middleware/cors.js
FN:13,configureCORS
FN:16,(anonymous_1)
FN:19,(anonymous_2)
FNF:3
FNH:0
FNDA:0,configureCORS
FNDA:0,(anonymous_1)
FNDA:0,(anonymous_2)
DA:8,0
DA:14,0
DA:17,0
DA:19,0
DA:22,0
DA:23,0
DA:26,0
DA:27,0
DA:29,0
DA:54,0
DA:57,0
LF:11
LH:0
BRDA:17,0,0,0
BRDA:17,0,1,0
BRDA:22,1,0,0
BRDA:22,1,1,0
BRDA:22,2,0,0
BRDA:22,2,1,0
BRDA:26,3,0,0
BRDA:26,3,1,0
BRF:8
BRH:0
end_of_record
TN:
SF:src/middleware/error-handler.js
FN:29,(anonymous_0)
FN:43,errorHandler
FN:98,notFoundHandler
FN:111,asyncHandler
FN:112,(anonymous_4)
FNF:5
FNH:2
FNDA:4,(anonymous_0)
FNDA:6,errorHandler
FNDA:0,notFoundHandler
FNDA:0,asyncHandler
FNDA:0,(anonymous_4)
DA:8,1
DA:9,1
DA:14,1
DA:30,4
DA:31,4
DA:32,4
DA:33,4
DA:34,4
DA:35,4
DA:45,6
DA:54,6
DA:55,6
DA:56,6
DA:57,6
DA:60,6
DA:61,1
DA:62,1
DA:63,1
DA:64,1
DA:65,5
DA:67,1
DA:68,1
DA:69,1
DA:70,4
DA:71,0
DA:72,0
DA:73,0
DA:77,6
DA:78,1
DA:79,1
DA:80,5
DA:82,1
DA:89,6
DA:99,0
DA:104,0
DA:112,0
DA:113,0
DA:117,1
LF:38
LH:31
BRDA:29,0,0,2
BRDA:29,1,0,2
BRDA:54,2,0,6
BRDA:54,2,1,5
BRDA:55,3,0,6
BRDA:55,3,1,5
BRDA:56,4,0,6
BRDA:56,4,1,0
BRDA:57,5,0,6
BRDA:57,5,1,5
BRDA:60,6,0,1
BRDA:60,6,1,5
BRDA:64,7,0,1
BRDA:64,7,1,0
BRDA:65,8,0,1
BRDA:65,8,1,4
BRDA:65,9,0,5
BRDA:65,9,1,1
BRDA:65,9,2,1
BRDA:70,10,0,0
BRDA:70,10,1,4
BRDA:77,11,0,1
BRDA:77,11,1,5
BRDA:77,12,0,6
BRDA:77,12,1,1
BRDA:80,13,0,1
BRDA:80,13,1,4
BRDA:80,14,0,5
BRDA:80,14,1,5
BRF:29
BRH:26
end_of_record
TN:
SF:src/models/analytics-db.js
FN:13,(anonymous_0)
FN:35,(anonymous_1)
FN:100,(anonymous_2)
FN:136,(anonymous_3)
FN:159,(anonymous_4)
FN:197,(anonymous_5)
FN:214,(anonymous_6)
FN:234,(anonymous_7)
FN:252,(anonymous_8)
FN:260,(anonymous_9)
FNF:10
FNH:0
FNDA:0,(anonymous_0)
FNDA:0,(anonymous_1)
FNDA:0,(anonymous_2)
FNDA:0,(anonymous_3)
FNDA:0,(anonymous_4)
FNDA:0,(anonymous_5)
FNDA:0,(anonymous_6)
FNDA:0,(anonymous_7)
FNDA:0,(anonymous_8)
FNDA:0,(anonymous_9)
DA:8,0
DA:9,0
DA:10,0
DA:15,0
DA:18,0
DA:19,0
DA:20,0
DA:24,0
DA:25,0
DA:28,0
DA:37,0
DA:71,0
DA:86,0
DA:101,0
DA:111,0
DA:128,0
DA:137,0
DA:143,0
DA:151,0
DA:160,0
DA:171,0
DA:173,0
DA:174,0
DA:175,0
DA:178,0
DA:179,0
DA:180,0
DA:183,0
DA:184,0
DA:185,0
DA:188,0
DA:189,0
DA:198,0
DA:206,0
DA:215,0
DA:227,0
DA:235,0
DA:246,0
DA:253,0
DA:261,0
DA:262,0
DA:263,0
DA:265,0
DA:270,0
LF:44
LH:0
BRDA:13,0,0,0
BRDA:15,1,0,0
BRDA:15,1,1,0
BRDA:19,2,0,0
BRDA:19,2,1,0
BRDA:114,3,0,0
BRDA:114,3,1,0
BRDA:115,4,0,0
BRDA:115,4,1,0
BRDA:116,5,0,0
BRDA:116,5,1,0
BRDA:117,6,0,0
BRDA:117,6,1,0
BRDA:118,7,0,0
BRDA:118,7,1,0
BRDA:119,8,0,0
BRDA:119,8,1,0
BRDA:120,9,0,0
BRDA:120,9,1,0
BRDA:121,10,0,0
BRDA:121,10,1,0
BRDA:122,11,0,0
BRDA:122,11,1,0
BRDA:123,12,0,0
BRDA:123,12,1,0
BRDA:124,13,0,0
BRDA:124,13,1,0
BRDA:125,14,0,0
BRDA:125,14,1,0
BRDA:147,15,0,0
BRDA:147,15,1,0
BRDA:148,16,0,0
BRDA:148,16,1,0
BRDA:159,17,0,0
BRDA:173,18,0,0
BRDA:173,18,1,0
BRDA:178,19,0,0
BRDA:178,19,1,0
BRDA:183,20,0,0
BRDA:183,20,1,0
BRDA:197,21,0,0
BRDA:214,22,0,0
BRF:42
BRH:0
end_of_record
TN:
SF:src/models/faq-validator.js
FN:14,(anonymous_0)
FN:35,(anonymous_1)
FN:63,(anonymous_2)
FN:64,(anonymous_3)
FN:78,(anonymous_4)
FN:83,(anonymous_5)
FN:97,(anonymous_6)
FN:111,(anonymous_7)
FN:113,(anonymous_8)
FN:114,(anonymous_9)
FN:131,(anonymous_10)
FN:133,(anonymous_11)
FN:148,(anonymous_12)
FN:176,(anonymous_13)
FNF:14
FNH:13
FNDA:8,(anonymous_0)
FNDA:7,(anonymous_1)
FNDA:3,(anonymous_2)
FNDA:7,(anonymous_3)
FNDA:4,(anonymous_4)
FNDA:5,(anonymous_5)
FNDA:5,(anonymous_6)
FNDA:5,(anonymous_7)
FNDA:1,(anonymous_8)
FNDA:1,(anonymous_9)
FNDA:1,(anonymous_10)
FNDA:0,(anonymous_11)
FNDA:5,(anonymous_12)
FNDA:1,(anonymous_13)
DA:8,1
DA:9,1
DA:10,1
DA:11,1
DA:15,8
DA:22,8
DA:25,8
DA:26,8
DA:27,8
DA:36,7
DA:38,7
DA:39,3
DA:46,4
DA:48,4
DA:49,3
DA:55,1
DA:64,7
DA:79,4
DA:82,4
DA:83,4
DA:84,5
DA:85,1
DA:92,5
DA:96,4
DA:97,4
DA:98,5
DA:99,5
DA:100,0
DA:107,5
DA:111,4
DA:112,5
DA:113,1
DA:114,1
DA:115,1
DA:116,1
DA:128,4
DA:129,1
DA:131,1
DA:132,1
DA:133,0
DA:134,0
DA:135,0
DA:148,4
DA:149,5
DA:150,1
DA:158,5
DA:159,0
DA:168,4
DA:177,1
DA:178,1
DA:179,0
DA:181,0
DA:183,0
DA:188,1
DA:202,1
LF:55
LH:47
BRDA:38,0,0,3
BRDA:38,0,1,4
BRDA:48,1,0,3
BRDA:48,1,1,1
BRDA:66,2,0,7
BRDA:66,2,1,5
BRDA:84,3,0,1
BRDA:84,3,1,4
BRDA:99,4,0,0
BRDA:99,4,1,5
BRDA:112,5,0,1
BRDA:112,5,1,4
BRDA:115,6,0,1
BRDA:115,6,1,0
BRDA:128,7,0,1
BRDA:128,7,1,3
BRDA:132,8,0,0
BRDA:132,8,1,1
BRDA:134,9,0,0
BRDA:134,9,1,0
BRDA:149,10,0,1
BRDA:149,10,1,4
BRDA:149,11,0,5
BRDA:149,11,1,1
BRDA:158,12,0,0
BRDA:158,12,1,5
BRDA:158,13,0,5
BRDA:158,13,1,0
BRDA:185,14,0,0
BRDA:185,14,1,0
BRF:30
BRH:21
end_of_record
TN:
SF:src/routes/index.js
FN:31,(anonymous_0)
FNF:1
FNH:0
FNDA:0,(anonymous_0)
DA:8,0
DA:9,0
DA:31,0
DA:32,0
DA:47,0
LF:5
LH:0
BRF:0
BRH:0
end_of_record
TN:
SF:src/utils/logger.js
FN:35,getLevelColor
FN:53,formatMessage
FN:71,shouldLog
FN:87,(anonymous_3)
FN:96,(anonymous_4)
FN:105,(anonymous_5)
FN:114,(anonymous_6)
FN:123,(anonymous_7)
FNF:8
FNH:4
FNDA:6,getLevelColor
FNDA:6,formatMessage
FNDA:6,shouldLog
FNDA:0,(anonymous_3)
FNDA:0,(anonymous_4)
FNDA:0,(anonymous_5)
FNDA:6,(anonymous_6)
FNDA:0,(anonymous_7)
DA:11,1
DA:21,1
DA:36,6
DA:38,0
DA:40,0
DA:42,0
DA:44,6
DA:46,0
DA:54,6
DA:55,6
DA:56,6
DA:58,6
DA:61,6
DA:62,6
DA:65,6
DA:72,6
DA:73,6
DA:74,6
DA:75,6
DA:77,6
DA:83,1
DA:88,0
DA:89,0
DA:97,0
DA:98,0
DA:106,0
DA:107,0
DA:115,6
DA:116,6
DA:124,0
DA:125,0
DA:127,0
DA:132,0
DA:138,0
DA:142,1
LF:35
LH:20
BRDA:36,0,0,0
BRDA:36,0,1,0
BRDA:36,0,2,0
BRDA:36,0,3,6
BRDA:36,0,4,0
BRDA:53,1,0,0
BRDA:61,2,0,6
BRDA:61,2,1,0
BRDA:72,3,0,6
BRDA:72,3,1,0
BRDA:87,4,0,0
BRDA:88,5,0,0
BRDA:88,5,1,0
BRDA:96,6,0,0
BRDA:97,7,0,0
BRDA:97,7,1,0
BRDA:105,8,0,0
BRDA:106,9,0,0
BRDA:106,9,1,0
BRDA:114,10,0,0
BRDA:115,11,0,6
BRDA:115,11,1,0
BRDA:127,12,0,0
BRDA:127,12,1,0
BRDA:128,13,0,0
BRDA:128,13,1,0
BRDA:129,14,0,0
BRDA:129,14,1,0
BRF:28
BRH:4
end_of_record
TN:
SF:src/utils/response-formatter.js
FN:14,formatSuccess
FN:32,formatError
FN:58,formatPaginated
FN:77,sendSuccess
FN:89,sendError
FN:100,sendPaginated
FNF:6
FNH:6
FNDA:9,formatSuccess
FNDA:11,formatError
FNDA:4,formatPaginated
FNDA:2,sendSuccess
FNDA:2,sendError
FNDA:1,sendPaginated
DA:15,9
DA:33,11
DA:44,11
DA:45,4
DA:48,11
DA:59,4
DA:78,2
DA:90,2
DA:101,1
DA:104,2
LF:10
LH:10
BRDA:14,0,0,2
BRDA:32,1,0,3
BRDA:44,2,0,4
BRDA:44,2,1,7
BRDA:58,3,0,3
BRDA:62,4,0,4
BRDA:62,4,1,1
BRDA:63,5,0,4
BRDA:63,5,1,1
BRDA:64,6,0,4
BRDA:64,6,1,1
BRDA:65,7,0,4
BRDA:65,7,1,1
BRDA:65,8,0,4
BRDA:65,8,1,1
BRDA:77,9,0,1
BRDA:77,10,0,2
BRDA:89,11,0,1
BRDA:89,12,0,2
BRDA:100,13,0,1
BRF:20
BRH:20
end_of_record
