TN:
SF:src/data/faq_kb.js
FNF:0
FNH:0
DA:1,0
LF:1
LH:0
BRF:0
BRH:0
end_of_record
TN:
SF:src/data/link_registry.js
FNF:0
FNH:0
DA:11,0
LF:1
LH:0
BRF:0
BRH:0
end_of_record
TN:
SF:src/data/resort_kb.js
FNF:0
FNH:0
DA:1,0
LF:1
LH:0
BRF:0
BRH:0
end_of_record
TN:
SF:src/middleware/admin-auth.js
FN:4,extractToken
FN:17,requireAdminAuth
FNF:2
FNH:0
FNDA:0,extractToken
FNDA:0,requireAdminAuth
DA:1,0
DA:2,0
DA:5,0
DA:6,0
DA:7,0
DA:10,0
DA:11,0
DA:14,0
DA:18,0
DA:19,0
DA:20,0
DA:23,0
DA:24,0
DA:25,0
DA:32,0
DA:33,0
DA:34,0
DA:38,0
DA:39,0
DA:44,0
DA:47,0
DA:48,0
DA:54,0
DA:55,0
DA:58,0
DA:59,0
DA:61,0
DA:65,0
LF:28
LH:0
BRDA:5,0,0,0
BRDA:5,0,1,0
BRDA:6,1,0,0
BRDA:6,1,1,0
BRDA:6,2,0,0
BRDA:6,2,1,0
BRDA:10,3,0,0
BRDA:10,3,1,0
BRDA:10,4,0,0
BRDA:10,4,1,0
BRDA:19,5,0,0
BRDA:19,5,1,0
BRDA:24,6,0,0
BRDA:24,6,1,0
BRDA:33,7,0,0
BRDA:33,7,1,0
BRDA:47,8,0,0
BRDA:47,8,1,0
BRDA:47,8,2,0
BRDA:47,8,3,0
BRDA:48,9,0,0
BRDA:48,9,1,0
BRDA:49,10,0,0
BRDA:49,10,1,0
BRDA:50,11,0,0
BRDA:50,11,1,0
BRDA:54,12,0,0
BRDA:54,12,1,0
BRDA:54,13,0,0
BRDA:54,13,1,0
BRF:30
BRH:0
end_of_record
TN:
SF:src/middleware/api-key.js
FN:9,parseAllowedKeys
FN:16,(anonymous_1)
FN:27,requireApiKey
FN:35,(anonymous_3)
FNF:4
FNH:0
FNDA:0,parseAllowedKeys
FNDA:0,(anonymous_1)
FNDA:0,requireApiKey
FNDA:0,(anonymous_3)
DA:7,0
DA:10,0
DA:11,0
DA:14,0
DA:16,0
DA:31,0
DA:33,0
DA:35,0
DA:36,0
DA:37,0
DA:38,0
DA:41,0
DA:51,0
DA:55,0
DA:56,0
DA:65,0
DA:66,0
DA:75,0
DA:79,0
LF:19
LH:0
BRDA:10,0,0,0
BRDA:10,0,1,0
BRDA:27,1,0,0
BRDA:29,2,0,0
BRDA:30,3,0,0
BRDA:36,4,0,0
BRDA:36,4,1,0
BRDA:37,5,0,0
BRDA:37,5,1,0
BRDA:51,6,0,0
BRDA:51,6,1,0
BRDA:51,6,2,0
BRDA:55,7,0,0
BRDA:55,7,1,0
BRDA:65,8,0,0
BRDA:65,8,1,0
BRF:16
BRH:0
end_of_record
TN:
SF:src/middleware/compression.js
FN:13,configureCompression
FN:22,(anonymous_1)
FNF:2
FNH:0
FNDA:0,configureCompression
FNDA:0,(anonymous_1)
DA:8,0
DA:14,0
DA:23,0
DA:25,0
DA:29,0
DA:34,0
LF:6
LH:0
BRDA:23,0,0,0
BRDA:23,0,1,0
BRF:2
BRH:0
end_of_record
TN:
SF:src/middleware/cors.js
FN:13,configureCORS
FN:16,(anonymous_1)
FN:28,(anonymous_2)
FNF:3
FNH:0
FNDA:0,configureCORS
FNDA:0,(anonymous_1)
FNDA:0,(anonymous_2)
DA:8,0
DA:14,0
DA:18,0
DA:27,0
DA:28,0
DA:32,0
DA:33,0
DA:36,0
DA:37,0
DA:39,0
DA:40,0
DA:65,0
DA:68,0
LF:13
LH:0
BRDA:27,0,0,0
BRDA:27,0,1,0
BRDA:32,1,0,0
BRDA:32,1,1,0
BRDA:32,2,0,0
BRDA:32,2,1,0
BRDA:36,3,0,0
BRDA:36,3,1,0
BRF:8
BRH:0
end_of_record
TN:
SF:src/middleware/error-handler.js
FN:29,(anonymous_0)
FN:43,errorHandler
FN:98,notFoundHandler
FN:111,asyncHandler
FN:112,(anonymous_4)
FNF:5
FNH:2
FNDA:4,(anonymous_0)
FNDA:6,errorHandler
FNDA:0,notFoundHandler
FNDA:0,asyncHandler
FNDA:0,(anonymous_4)
DA:8,1
DA:9,1
DA:14,1
DA:30,4
DA:31,4
DA:32,4
DA:33,4
DA:34,4
DA:35,4
DA:45,6
DA:54,6
DA:55,6
DA:56,6
DA:57,6
DA:60,6
DA:61,1
DA:62,1
DA:63,1
DA:64,1
DA:65,5
DA:67,1
DA:68,1
DA:69,1
DA:70,4
DA:71,0
DA:72,0
DA:73,0
DA:77,6
DA:78,1
DA:79,1
DA:80,5
DA:82,1
DA:89,6
DA:99,0
DA:104,0
DA:112,0
DA:113,0
DA:117,1
LF:38
LH:31
BRDA:29,0,0,2
BRDA:29,1,0,2
BRDA:54,2,0,6
BRDA:54,2,1,5
BRDA:55,3,0,6
BRDA:55,3,1,5
BRDA:56,4,0,6
BRDA:56,4,1,0
BRDA:57,5,0,6
BRDA:57,5,1,5
BRDA:60,6,0,1
BRDA:60,6,1,5
BRDA:64,7,0,1
BRDA:64,7,1,0
BRDA:65,8,0,1
BRDA:65,8,1,4
BRDA:65,9,0,5
BRDA:65,9,1,1
BRDA:65,9,2,1
BRDA:70,10,0,0
BRDA:70,10,1,4
BRDA:77,11,0,1
BRDA:77,11,1,5
BRDA:77,12,0,6
BRDA:77,12,1,1
BRDA:80,13,0,1
BRDA:80,13,1,4
BRDA:80,14,0,5
BRDA:80,14,1,5
BRF:29
BRH:26
end_of_record
TN:
SF:src/models/faq-validator.js
FN:14,(anonymous_0)
FN:35,(anonymous_1)
FN:63,(anonymous_2)
FN:64,(anonymous_3)
FN:78,(anonymous_4)
FN:83,(anonymous_5)
FN:97,(anonymous_6)
FN:111,(anonymous_7)
FN:113,(anonymous_8)
FN:114,(anonymous_9)
FN:131,(anonymous_10)
FN:133,(anonymous_11)
FN:148,(anonymous_12)
FN:176,(anonymous_13)
FNF:14
FNH:13
FNDA:8,(anonymous_0)
FNDA:7,(anonymous_1)
FNDA:3,(anonymous_2)
FNDA:7,(anonymous_3)
FNDA:4,(anonymous_4)
FNDA:5,(anonymous_5)
FNDA:5,(anonymous_6)
FNDA:5,(anonymous_7)
FNDA:1,(anonymous_8)
FNDA:1,(anonymous_9)
FNDA:1,(anonymous_10)
FNDA:0,(anonymous_11)
FNDA:5,(anonymous_12)
FNDA:1,(anonymous_13)
DA:8,1
DA:9,1
DA:10,1
DA:11,1
DA:15,8
DA:22,8
DA:25,8
DA:26,8
DA:27,8
DA:36,7
DA:38,7
DA:39,3
DA:46,4
DA:48,4
DA:49,3
DA:55,1
DA:64,7
DA:79,4
DA:82,4
DA:83,4
DA:84,5
DA:85,1
DA:92,5
DA:96,4
DA:97,4
DA:98,5
DA:99,5
DA:100,0
DA:107,5
DA:111,4
DA:112,5
DA:113,1
DA:114,1
DA:115,1
DA:116,1
DA:128,4
DA:129,1
DA:131,1
DA:132,1
DA:133,0
DA:134,0
DA:135,0
DA:148,4
DA:149,5
DA:150,1
DA:158,5
DA:159,0
DA:168,4
DA:177,1
DA:178,1
DA:179,0
DA:181,0
DA:183,0
DA:188,1
DA:202,1
LF:55
LH:47
BRDA:38,0,0,3
BRDA:38,0,1,4
BRDA:48,1,0,3
BRDA:48,1,1,1
BRDA:66,2,0,7
BRDA:66,2,1,5
BRDA:84,3,0,1
BRDA:84,3,1,4
BRDA:99,4,0,0
BRDA:99,4,1,5
BRDA:112,5,0,1
BRDA:112,5,1,4
BRDA:115,6,0,1
BRDA:115,6,1,0
BRDA:128,7,0,1
BRDA:128,7,1,3
BRDA:132,8,0,0
BRDA:132,8,1,1
BRDA:134,9,0,0
BRDA:134,9,1,0
BRDA:149,10,0,1
BRDA:149,10,1,4
BRDA:149,11,0,5
BRDA:149,11,1,1
BRDA:158,12,0,0
BRDA:158,12,1,5
BRDA:158,13,0,5
BRDA:158,13,1,0
BRDA:185,14,0,0
BRDA:185,14,1,0
BRF:30
BRH:21
end_of_record
TN:
SF:src/routes/admin.js
FN:14,requireAdminAuth
FN:57,(anonymous_1)
FN:219,(anonymous_2)
FN:290,(anonymous_3)
FNF:4
FNH:0
FNDA:0,requireAdminAuth
FNDA:0,(anonymous_1)
FNDA:0,(anonymous_2)
FNDA:0,(anonymous_3)
DA:8,0
DA:9,0
DA:10,0
DA:11,0
DA:15,0
DA:16,0
DA:18,0
DA:19,0
DA:28,0
DA:57,0
DA:58,0
DA:64,0
DA:66,0
DA:67,0
DA:70,0
DA:71,0
DA:72,0
DA:73,0
DA:84,0
DA:85,0
DA:95,0
DA:96,0
DA:99,0
DA:108,0
DA:109,0
DA:110,0
DA:112,0
DA:114,0
DA:115,0
DA:116,0
DA:117,0
DA:118,0
DA:121,0
DA:130,0
DA:131,0
DA:132,0
DA:133,0
DA:134,0
DA:135,0
DA:136,0
DA:137,0
DA:138,0
DA:139,0
DA:143,0
DA:145,0
DA:146,0
DA:147,0
DA:148,0
DA:149,0
DA:150,0
DA:151,0
DA:152,0
DA:153,0
DA:154,0
DA:159,0
DA:168,0
DA:171,0
DA:179,0
DA:193,0
DA:194,0
DA:219,0
DA:220,0
DA:221,0
DA:222,0
DA:223,0
DA:226,0
DA:229,0
DA:267,0
DA:269,0
DA:280,0
DA:281,0
DA:290,0
DA:291,0
DA:301,0
LF:74
LH:0
BRDA:15,0,0,0
BRDA:15,0,1,0
BRDA:16,1,0,0
BRDA:16,1,1,0
BRDA:18,2,0,0
BRDA:18,2,1,0
BRDA:18,3,0,0
BRDA:18,3,1,0
BRDA:60,4,0,0
BRDA:62,5,0,0
BRDA:66,6,0,0
BRDA:66,6,1,0
BRDA:67,7,0,0
BRDA:67,7,1,0
BRDA:70,8,0,0
BRDA:70,8,1,0
BRDA:71,9,0,0
BRDA:71,9,1,0
BRDA:72,10,0,0
BRDA:72,10,1,0
BRDA:72,11,0,0
BRDA:72,11,1,0
BRDA:72,11,2,0
BRDA:84,12,0,0
BRDA:84,12,1,0
BRDA:84,13,0,0
BRDA:84,13,1,0
BRDA:84,13,2,0
BRDA:95,14,0,0
BRDA:95,14,1,0
BRDA:112,15,0,0
BRDA:112,15,1,0
BRDA:115,16,0,0
BRDA:115,16,1,0
BRDA:130,17,0,0
BRDA:130,17,1,0
BRDA:145,18,0,0
BRDA:145,18,1,0
BRDA:159,19,0,0
BRDA:159,19,1,0
BRDA:184,20,0,0
BRDA:184,20,1,0
BRDA:221,21,0,0
BRDA:221,21,1,0
BRDA:226,22,0,0
BRDA:226,22,1,0
BRDA:296,23,0,0
BRDA:296,23,1,0
BRF:48
BRH:0
end_of_record
TN:
SF:src/routes/analytics.js
FN:28,initializeServices
FN:44,(anonymous_1)
FN:88,(anonymous_2)
FN:137,(anonymous_3)
FN:161,(anonymous_4)
FN:245,(anonymous_5)
FN:290,(anonymous_6)
FN:352,(anonymous_7)
FN:417,(anonymous_8)
FN:452,(anonymous_9)
FN:491,(anonymous_10)
FN:551,(anonymous_11)
FN:637,(anonymous_12)
FN:718,(anonymous_13)
FN:774,(anonymous_14)
FN:883,(anonymous_15)
FN:941,(anonymous_16)
FN:950,(anonymous_17)
FN:1024,(anonymous_18)
FN:1099,(anonymous_19)
FN:1234,(anonymous_20)
FN:1315,(anonymous_21)
FN:1437,(anonymous_22)
FN:1467,(anonymous_23)
FN:1563,(anonymous_24)
FN:1624,(anonymous_25)
FN:1691,(anonymous_26)
FN:1732,(anonymous_27)
FN:1763,(anonymous_28)
FN:1795,(anonymous_29)
FN:1827,(anonymous_30)
FN:1853,(anonymous_31)
FN:1891,(anonymous_32)
FNF:33
FNH:0
FNDA:0,initializeServices
FNDA:0,(anonymous_1)
FNDA:0,(anonymous_2)
FNDA:0,(anonymous_3)
FNDA:0,(anonymous_4)
FNDA:0,(anonymous_5)
FNDA:0,(anonymous_6)
FNDA:0,(anonymous_7)
FNDA:0,(anonymous_8)
FNDA:0,(anonymous_9)
FNDA:0,(anonymous_10)
FNDA:0,(anonymous_11)
FNDA:0,(anonymous_12)
FNDA:0,(anonymous_13)
FNDA:0,(anonymous_14)
FNDA:0,(anonymous_15)
FNDA:0,(anonymous_16)
FNDA:0,(anonymous_17)
FNDA:0,(anonymous_18)
FNDA:0,(anonymous_19)
FNDA:0,(anonymous_20)
FNDA:0,(anonymous_21)
FNDA:0,(anonymous_22)
FNDA:0,(anonymous_23)
FNDA:0,(anonymous_24)
FNDA:0,(anonymous_25)
FNDA:0,(anonymous_26)
FNDA:0,(anonymous_27)
FNDA:0,(anonymous_28)
FNDA:0,(anonymous_29)
FNDA:0,(anonymous_30)
FNDA:0,(anonymous_31)
FNDA:0,(anonymous_32)
DA:12,0
DA:13,0
DA:14,0
DA:15,0
DA:16,0
DA:17,0
DA:18,0
DA:19,0
DA:24,0
DA:25,0
DA:29,0
DA:30,0
DA:31,0
DA:34,0
DA:44,0
DA:45,0
DA:48,0
DA:50,0
DA:55,0
DA:88,0
DA:89,0
DA:90,0
DA:91,0
DA:99,0
DA:101,0
DA:108,0
DA:112,0
DA:137,0
DA:138,0
DA:139,0
DA:140,0
DA:143,0
DA:145,0
DA:150,0
DA:161,0
DA:162,0
DA:164,0
DA:168,0
DA:169,0
DA:171,0
DA:180,0
DA:181,0
DA:183,0
DA:191,0
DA:192,0
DA:204,0
DA:206,0
DA:220,0
DA:245,0
DA:246,0
DA:247,0
DA:248,0
DA:251,0
DA:253,0
DA:255,0
DA:260,0
DA:290,0
DA:291,0
DA:292,0
DA:293,0
DA:299,0
DA:302,0
DA:305,0
DA:306,0
DA:307,0
DA:317,0
DA:318,0
DA:319,0
DA:321,0
DA:332,0
DA:336,0
DA:352,0
DA:353,0
DA:354,0
DA:355,0
DA:362,0
DA:365,0
DA:367,0
DA:368,0
DA:370,0
DA:372,0
DA:373,0
DA:374,0
DA:376,0
DA:377,0
DA:379,0
DA:380,0
DA:381,0
DA:382,0
DA:384,0
DA:387,0
DA:388,0
DA:389,0
DA:391,0
DA:417,0
DA:418,0
DA:419,0
DA:420,0
DA:423,0
DA:424,0
DA:426,0
DA:433,0
DA:452,0
DA:453,0
DA:454,0
DA:455,0
DA:458,0
DA:460,0
DA:464,0
DA:491,0
DA:492,0
DA:493,0
DA:494,0
DA:504,0
DA:506,0
DA:508,0
DA:509,0
DA:510,0
DA:511,0
DA:512,0
DA:513,0
DA:515,0
DA:517,0
DA:523,0
DA:551,0
DA:552,0
DA:553,0
DA:554,0
DA:557,0
DA:558,0
DA:559,0
DA:561,0
DA:562,0
DA:563,0
DA:564,0
DA:566,0
DA:567,0
DA:568,0
DA:570,0
DA:584,0
DA:592,0
DA:600,0
DA:611,0
DA:637,0
DA:638,0
DA:639,0
DA:640,0
DA:654,0
DA:656,0
DA:657,0
DA:660,0
DA:663,0
DA:666,0
DA:668,0
DA:669,0
DA:674,0
DA:687,0
DA:697,0
DA:718,0
DA:719,0
DA:720,0
DA:721,0
DA:724,0
DA:726,0
DA:727,0
DA:730,0
DA:733,0
DA:738,0
DA:740,0
DA:747,0
DA:774,0
DA:775,0
DA:776,0
DA:777,0
DA:780,0
DA:781,0
DA:783,0
DA:784,0
DA:785,0
DA:788,0
DA:789,0
DA:791,0
DA:792,0
DA:793,0
DA:796,0
DA:797,0
DA:800,0
DA:808,0
DA:810,0
DA:811,0
DA:812,0
DA:815,0
DA:817,0
DA:820,0
DA:830,0
DA:833,0
DA:845,0
DA:847,0
DA:858,0
DA:883,0
DA:884,0
DA:885,0
DA:886,0
DA:889,0
DA:890,0
DA:892,0
DA:893,0
DA:894,0
DA:897,0
DA:904,0
DA:905,0
DA:906,0
DA:907,0
DA:909,0
DA:910,0
DA:915,0
DA:924,0
DA:925,0
DA:926,0
DA:927,0
DA:929,0
DA:930,0
DA:933,0
DA:935,0
DA:938,0
DA:939,0
DA:940,0
DA:941,0
DA:942,0
DA:950,0
DA:957,0
DA:965,0
DA:966,0
DA:967,0
DA:968,0
DA:970,0
DA:971,0
DA:973,0
DA:974,0
DA:976,0
DA:988,0
DA:1001,0
DA:1024,0
DA:1025,0
DA:1026,0
DA:1027,0
DA:1030,0
DA:1032,0
DA:1033,0
DA:1036,0
DA:1037,0
DA:1040,0
DA:1043,0
DA:1048,0
DA:1055,0
DA:1064,0
DA:1099,0
DA:1100,0
DA:1101,0
DA:1102,0
DA:1105,0
DA:1106,0
DA:1107,0
DA:1108,0
DA:1110,0
DA:1111,0
DA:1112,0
DA:1115,0
DA:1125,0
DA:1127,0
DA:1128,0
DA:1129,0
DA:1132,0
DA:1133,0
DA:1134,0
DA:1137,0
DA:1142,0
DA:1144,0
DA:1147,0
DA:1148,0
DA:1149,0
DA:1151,0
DA:1166,0
DA:1167,0
DA:1168,0
DA:1170,0
DA:1183,0
DA:1184,0
DA:1185,0
DA:1187,0
DA:1200,0
DA:1211,0
DA:1234,0
DA:1235,0
DA:1236,0
DA:1237,0
DA:1240,0
DA:1242,0
DA:1243,0
DA:1246,0
DA:1247,0
DA:1250,0
DA:1251,0
DA:1254,0
DA:1255,0
DA:1258,0
DA:1261,0
DA:1266,0
DA:1273,0
DA:1282,0
DA:1315,0
DA:1316,0
DA:1317,0
DA:1318,0
DA:1321,0
DA:1322,0
DA:1323,0
DA:1324,0
DA:1326,0
DA:1327,0
DA:1328,0
DA:1331,0
DA:1332,0
DA:1333,0
DA:1335,0
DA:1348,0
DA:1349,0
DA:1351,0
DA:1366,0
DA:1367,0
DA:1369,0
DA:1384,0
DA:1385,0
DA:1386,0
DA:1388,0
DA:1401,0
DA:1402,0
DA:1403,0
DA:1405,0
DA:1417,0
DA:1429,0
DA:1437,0
DA:1438,0
DA:1439,0
DA:1441,0
DA:1442,0
DA:1445,0
DA:1446,0
DA:1451,0
DA:1453,0
DA:1459,0
DA:1467,0
DA:1468,0
DA:1469,0
DA:1470,0
DA:1471,0
DA:1473,0
DA:1474,0
DA:1475,0
DA:1476,0
DA:1479,0
DA:1482,0
DA:1487,0
DA:1497,0
DA:1508,0
DA:1520,0
DA:1524,0
DA:1534,0
DA:1545,0
DA:1563,0
DA:1564,0
DA:1565,0
DA:1566,0
DA:1576,0
DA:1579,0
DA:1580,0
DA:1583,0
DA:1584,0
DA:1587,0
DA:1588,0
DA:1592,0
DA:1602,0
DA:1611,0
DA:1624,0
DA:1625,0
DA:1626,0
DA:1627,0
DA:1635,0
DA:1638,0
DA:1646,0
DA:1654,0
DA:1661,0
DA:1667,0
DA:1683,0
DA:1691,0
DA:1692,0
DA:1693,0
DA:1694,0
DA:1697,0
DA:1698,0
DA:1701,0
DA:1707,0
DA:1712,0
DA:1720,0
DA:1732,0
DA:1733,0
DA:1734,0
DA:1735,0
DA:1738,0
DA:1740,0
DA:1746,0
DA:1749,0
DA:1763,0
DA:1764,0
DA:1765,0
DA:1766,0
DA:1769,0
DA:1771,0
DA:1778,0
DA:1781,0
DA:1795,0
DA:1796,0
DA:1797,0
DA:1798,0
DA:1801,0
DA:1803,0
DA:1810,0
DA:1813,0
DA:1827,0
DA:1828,0
DA:1829,0
DA:1830,0
DA:1833,0
DA:1835,0
DA:1842,0
DA:1845,0
DA:1853,0
DA:1854,0
DA:1855,0
DA:1856,0
DA:1859,0
DA:1862,0
DA:1863,0
DA:1867,0
DA:1876,0
DA:1883,0
DA:1891,0
DA:1892,0
DA:1893,0
DA:1894,0
DA:1897,0
DA:1899,0
DA:1905,0
DA:1908,0
DA:1912,0
LF:455
LH:0
BRDA:35,0,0,0
BRDA:35,0,1,0
BRDA:36,1,0,0
BRDA:36,1,1,0
BRDA:37,2,0,0
BRDA:37,2,1,0
BRDA:38,3,0,0
BRDA:38,3,1,0
BRDA:39,4,0,0
BRDA:39,4,1,0
BRDA:90,5,0,0
BRDA:90,5,1,0
BRDA:98,6,0,0
BRDA:139,7,0,0
BRDA:139,7,1,0
BRDA:164,8,0,0
BRDA:164,8,1,0
BRDA:191,9,0,0
BRDA:191,9,1,0
BRDA:191,10,0,0
BRDA:191,10,1,0
BRDA:201,11,0,0
BRDA:202,12,0,0
BRDA:203,13,0,0
BRDA:247,14,0,0
BRDA:247,14,1,0
BRDA:251,15,0,0
BRDA:292,16,0,0
BRDA:292,16,1,0
BRDA:308,17,0,0
BRDA:308,17,1,0
BRDA:310,18,0,0
BRDA:310,18,1,0
BRDA:311,19,0,0
BRDA:311,19,1,0
BRDA:317,20,0,0
BRDA:317,20,1,0
BRDA:326,21,0,0
BRDA:326,21,1,0
BRDA:327,22,0,0
BRDA:327,22,1,0
BRDA:354,23,0,0
BRDA:354,23,1,0
BRDA:359,24,0,0
BRDA:370,25,0,0
BRDA:370,25,1,0
BRDA:374,26,0,0
BRDA:374,26,1,0
BRDA:377,27,0,0
BRDA:377,27,1,0
BRDA:419,28,0,0
BRDA:419,28,1,0
BRDA:454,29,0,0
BRDA:454,29,1,0
BRDA:493,30,0,0
BRDA:493,30,1,0
BRDA:508,31,0,0
BRDA:508,31,1,0
BRDA:509,32,0,0
BRDA:509,32,1,0
BRDA:510,33,0,0
BRDA:510,33,1,0
BRDA:511,34,0,0
BRDA:511,34,1,0
BRDA:512,35,0,0
BRDA:512,35,1,0
BRDA:513,36,0,0
BRDA:513,36,1,0
BRDA:553,37,0,0
BRDA:553,37,1,0
BRDA:557,38,0,0
BRDA:557,38,1,0
BRDA:558,39,0,0
BRDA:558,39,1,0
BRDA:559,40,0,0
BRDA:559,40,1,0
BRDA:567,41,0,0
BRDA:567,41,1,0
BRDA:578,42,0,0
BRDA:578,42,1,0
BRDA:604,43,0,0
BRDA:604,43,1,0
BRDA:639,44,0,0
BRDA:639,44,1,0
BRDA:645,45,0,0
BRDA:649,46,0,0
BRDA:651,47,0,0
BRDA:653,48,0,0
BRDA:656,49,0,0
BRDA:656,49,1,0
BRDA:660,50,0,0
BRDA:660,50,1,0
BRDA:660,51,0,0
BRDA:660,51,1,0
BRDA:663,52,0,0
BRDA:663,52,1,0
BRDA:663,53,0,0
BRDA:663,53,1,0
BRDA:666,54,0,0
BRDA:666,54,1,0
BRDA:666,55,0,0
BRDA:666,55,1,0
BRDA:675,56,0,0
BRDA:675,56,1,0
BRDA:677,57,0,0
BRDA:677,57,1,0
BRDA:678,58,0,0
BRDA:678,58,1,0
BRDA:679,59,0,0
BRDA:679,59,1,0
BRDA:681,60,0,0
BRDA:681,60,1,0
BRDA:682,61,0,0
BRDA:682,61,1,0
BRDA:684,62,0,0
BRDA:684,62,1,0
BRDA:690,63,0,0
BRDA:690,63,1,0
BRDA:720,64,0,0
BRDA:720,64,1,0
BRDA:724,65,0,0
BRDA:726,66,0,0
BRDA:726,66,1,0
BRDA:776,67,0,0
BRDA:776,67,1,0
BRDA:780,68,0,0
BRDA:791,69,0,0
BRDA:791,69,1,0
BRDA:810,70,0,0
BRDA:810,70,1,0
BRDA:826,71,0,0
BRDA:826,71,1,0
BRDA:830,72,0,0
BRDA:830,72,1,0
BRDA:840,73,0,0
BRDA:840,73,1,0
BRDA:845,74,0,0
BRDA:845,74,1,0
BRDA:853,75,0,0
BRDA:853,75,1,0
BRDA:885,76,0,0
BRDA:885,76,1,0
BRDA:889,77,0,0
BRDA:889,78,0,0
BRDA:905,79,0,0
BRDA:905,79,1,0
BRDA:910,80,0,0
BRDA:910,80,1,0
BRDA:925,81,0,0
BRDA:925,81,1,0
BRDA:929,82,0,0
BRDA:929,82,1,0
BRDA:940,83,0,0
BRDA:940,83,1,0
BRDA:940,84,0,0
BRDA:940,84,1,0
BRDA:943,85,0,0
BRDA:943,85,1,0
BRDA:944,86,0,0
BRDA:944,86,1,0
BRDA:952,87,0,0
BRDA:952,87,1,0
BRDA:953,88,0,0
BRDA:953,88,1,0
BRDA:966,89,0,0
BRDA:966,89,1,0
BRDA:970,90,0,0
BRDA:970,90,1,0
BRDA:983,91,0,0
BRDA:983,91,1,0
BRDA:986,92,0,0
BRDA:986,92,1,0
BRDA:996,93,0,0
BRDA:996,93,1,0
BRDA:1026,94,0,0
BRDA:1026,94,1,0
BRDA:1032,95,0,0
BRDA:1032,95,1,0
BRDA:1032,96,0,0
BRDA:1032,96,1,0
BRDA:1032,96,2,0
BRDA:1036,97,0,0
BRDA:1036,97,1,0
BRDA:1052,98,0,0
BRDA:1052,98,1,0
BRDA:1101,99,0,0
BRDA:1101,99,1,0
BRDA:1106,100,0,0
BRDA:1106,100,1,0
BRDA:1107,101,0,0
BRDA:1107,101,1,0
BRDA:1108,102,0,0
BRDA:1108,102,1,0
BRDA:1127,103,0,0
BRDA:1127,103,1,0
BRDA:1132,104,0,0
BRDA:1132,104,1,0
BRDA:1148,105,0,0
BRDA:1148,105,1,0
BRDA:1149,106,0,0
BRDA:1149,106,1,0
BRDA:1159,107,0,0
BRDA:1159,107,1,0
BRDA:1160,108,0,0
BRDA:1160,108,1,0
BRDA:1167,109,0,0
BRDA:1167,109,1,0
BRDA:1168,110,0,0
BRDA:1168,110,1,0
BRDA:1177,111,0,0
BRDA:1177,111,1,0
BRDA:1178,112,0,0
BRDA:1178,112,1,0
BRDA:1184,113,0,0
BRDA:1184,113,1,0
BRDA:1185,114,0,0
BRDA:1185,114,1,0
BRDA:1194,115,0,0
BRDA:1194,115,1,0
BRDA:1195,116,0,0
BRDA:1195,116,1,0
BRDA:1206,117,0,0
BRDA:1206,117,1,0
BRDA:1236,118,0,0
BRDA:1236,118,1,0
BRDA:1242,119,0,0
BRDA:1242,119,1,0
BRDA:1246,120,0,0
BRDA:1246,120,1,0
BRDA:1250,121,0,0
BRDA:1250,121,1,0
BRDA:1250,122,0,0
BRDA:1250,122,1,0
BRDA:1254,123,0,0
BRDA:1254,123,1,0
BRDA:1254,124,0,0
BRDA:1254,124,1,0
BRDA:1268,125,0,0
BRDA:1268,125,1,0
BRDA:1269,126,0,0
BRDA:1269,126,1,0
BRDA:1270,127,0,0
BRDA:1270,127,1,0
BRDA:1276,128,0,0
BRDA:1276,128,1,0
BRDA:1277,129,0,0
BRDA:1277,129,1,0
BRDA:1317,130,0,0
BRDA:1317,130,1,0
BRDA:1322,131,0,0
BRDA:1322,131,1,0
BRDA:1323,132,0,0
BRDA:1323,132,1,0
BRDA:1324,133,0,0
BRDA:1324,133,1,0
BRDA:1332,134,0,0
BRDA:1332,134,1,0
BRDA:1333,135,0,0
BRDA:1333,135,1,0
BRDA:1341,136,0,0
BRDA:1341,136,1,0
BRDA:1342,137,0,0
BRDA:1342,137,1,0
BRDA:1349,138,0,0
BRDA:1349,138,1,0
BRDA:1359,139,0,0
BRDA:1359,139,1,0
BRDA:1367,140,0,0
BRDA:1367,140,1,0
BRDA:1377,141,0,0
BRDA:1377,141,1,0
BRDA:1385,142,0,0
BRDA:1385,142,1,0
BRDA:1386,143,0,0
BRDA:1386,143,1,0
BRDA:1395,144,0,0
BRDA:1395,144,1,0
BRDA:1396,145,0,0
BRDA:1396,145,1,0
BRDA:1402,146,0,0
BRDA:1402,146,1,0
BRDA:1403,147,0,0
BRDA:1403,147,1,0
BRDA:1411,148,0,0
BRDA:1411,148,1,0
BRDA:1412,149,0,0
BRDA:1412,149,1,0
BRDA:1424,150,0,0
BRDA:1424,150,1,0
BRDA:1441,151,0,0
BRDA:1441,151,1,0
BRDA:1451,152,0,0
BRDA:1451,152,1,0
BRDA:1456,153,0,0
BRDA:1456,153,1,0
BRDA:1469,154,0,0
BRDA:1469,154,1,0
BRDA:1470,155,0,0
BRDA:1470,155,1,0
BRDA:1479,156,0,0
BRDA:1479,156,1,0
BRDA:1479,157,0,0
BRDA:1479,157,1,0
BRDA:1482,158,0,0
BRDA:1482,158,1,0
BRDA:1482,159,0,0
BRDA:1482,159,1,0
BRDA:1520,160,0,0
BRDA:1520,160,1,0
BRDA:1520,161,0,0
BRDA:1520,161,1,0
BRDA:1529,162,0,0
BRDA:1529,162,1,0
BRDA:1529,163,0,0
BRDA:1529,163,1,0
BRDA:1540,164,0,0
BRDA:1540,164,1,0
BRDA:1565,165,0,0
BRDA:1565,165,1,0
BRDA:1579,166,0,0
BRDA:1579,166,1,0
BRDA:1579,167,0,0
BRDA:1579,167,1,0
BRDA:1583,168,0,0
BRDA:1583,168,1,0
BRDA:1587,169,0,0
BRDA:1587,169,1,0
BRDA:1587,170,0,0
BRDA:1587,170,1,0
BRDA:1587,170,2,0
BRDA:1596,171,0,0
BRDA:1596,171,1,0
BRDA:1597,172,0,0
BRDA:1597,172,1,0
BRDA:1598,173,0,0
BRDA:1598,173,1,0
BRDA:1599,174,0,0
BRDA:1599,174,1,0
BRDA:1626,175,0,0
BRDA:1626,175,1,0
BRDA:1642,176,0,0
BRDA:1642,176,1,0
BRDA:1649,177,0,0
BRDA:1649,177,1,0
BRDA:1657,178,0,0
BRDA:1657,178,1,0
BRDA:1664,179,0,0
BRDA:1664,179,1,0
BRDA:1673,180,0,0
BRDA:1673,180,1,0
BRDA:1674,181,0,0
BRDA:1674,181,1,0
BRDA:1675,182,0,0
BRDA:1675,182,1,0
BRDA:1676,183,0,0
BRDA:1676,183,1,0
BRDA:1693,184,0,0
BRDA:1693,184,1,0
BRDA:1698,185,0,0
BRDA:1703,186,0,0
BRDA:1703,186,1,0
BRDA:1734,187,0,0
BRDA:1734,187,1,0
BRDA:1743,188,0,0
BRDA:1743,188,1,0
BRDA:1765,189,0,0
BRDA:1765,189,1,0
BRDA:1769,190,0,0
BRDA:1774,191,0,0
BRDA:1774,191,1,0
BRDA:1797,192,0,0
BRDA:1797,192,1,0
BRDA:1801,193,0,0
BRDA:1806,194,0,0
BRDA:1806,194,1,0
BRDA:1829,195,0,0
BRDA:1829,195,1,0
BRDA:1833,196,0,0
BRDA:1837,197,0,0
BRDA:1837,197,1,0
BRDA:1855,198,0,0
BRDA:1855,198,1,0
BRDA:1862,199,0,0
BRDA:1862,199,1,0
BRDA:1862,200,0,0
BRDA:1862,200,1,0
BRDA:1868,201,0,0
BRDA:1868,201,1,0
BRDA:1869,202,0,0
BRDA:1869,202,1,0
BRDA:1872,203,0,0
BRDA:1872,203,1,0
BRDA:1873,204,0,0
BRDA:1873,204,1,0
BRDA:1893,205,0,0
BRDA:1893,205,1,0
BRDA:1901,206,0,0
BRDA:1901,206,1,0
BRDA:1902,207,0,0
BRDA:1902,207,1,0
BRF:400
BRH:0
end_of_record
TN:
SF:src/routes/auth.js
FN:16,(anonymous_0)
FN:26,(anonymous_1)
FNF:2
FNH:0
FNDA:0,(anonymous_0)
FNDA:0,(anonymous_1)
DA:1,0
DA:2,0
DA:3,0
DA:4,0
DA:6,0
DA:7,0
DA:9,0
DA:16,0
DA:17,0
DA:26,0
DA:27,0
DA:28,0
DA:31,0
DA:32,0
DA:42,0
DA:48,0
DA:55,0
DA:57,0
DA:65,0
LF:19
LH:0
BRDA:9,0,0,0
BRDA:9,0,1,0
BRDA:27,1,0,0
BRDA:27,1,1,0
BRDA:31,2,0,0
BRDA:31,2,1,0
BRF:6
BRH:0
end_of_record
TN:
SF:src/routes/content.js
FN:8,resolveMarkdownPath
FN:20,(anonymous_1)
FNF:2
FNH:0
FNDA:0,resolveMarkdownPath
FNDA:0,(anonymous_1)
DA:1,0
DA:2,0
DA:3,0
DA:4,0
DA:5,0
DA:6,0
DA:9,0
DA:10,0
DA:11,0
DA:13,0
DA:14,0
DA:17,0
DA:20,0
DA:21,0
DA:22,0
DA:23,0
DA:24,0
DA:27,0
DA:30,0
DA:31,0
DA:33,0
DA:34,0
DA:36,0
DA:39,0
DA:46,0
DA:50,0
LF:26
LH:0
BRDA:9,0,0,0
BRDA:9,0,1,0
BRDA:13,1,0,0
BRDA:13,1,1,0
BRDA:23,2,0,0
BRDA:23,2,1,0
BRDA:23,3,0,0
BRDA:23,3,1,0
BRDA:33,4,0,0
BRDA:33,4,1,0
BRF:10
BRH:0
end_of_record
TN:
SF:src/routes/crm.js
FN:60,(anonymous_0)
FN:118,(anonymous_1)
FN:178,(anonymous_2)
FN:232,(anonymous_3)
FN:272,(anonymous_4)
FN:305,(anonymous_5)
FN:350,(anonymous_6)
FNF:7
FNH:0
FNDA:0,(anonymous_0)
FNDA:0,(anonymous_1)
FNDA:0,(anonymous_2)
FNDA:0,(anonymous_3)
FNDA:0,(anonymous_4)
FNDA:0,(anonymous_5)
FNDA:0,(anonymous_6)
DA:14,0
DA:15,0
DA:16,0
DA:17,0
DA:18,0
DA:21,0
DA:23,0
DA:24,0
DA:25,0
DA:27,0
DA:60,0
DA:61,0
DA:62,0
DA:63,0
DA:66,0
DA:69,0
DA:70,0
DA:74,0
DA:79,0
DA:80,0
DA:83,0
DA:89,0
DA:118,0
DA:119,0
DA:120,0
DA:121,0
DA:130,0
DA:132,0
DA:140,0
DA:145,0
DA:178,0
DA:179,0
DA:180,0
DA:181,0
DA:188,0
DA:190,0
DA:196,0
DA:197,0
DA:200,0
DA:204,0
DA:232,0
DA:233,0
DA:234,0
DA:235,0
DA:238,0
DA:239,0
DA:241,0
DA:246,0
DA:251,0
DA:272,0
DA:273,0
DA:274,0
DA:275,0
DA:278,0
DA:279,0
DA:281,0
DA:283,0
DA:289,0
DA:305,0
DA:306,0
DA:307,0
DA:308,0
DA:315,0
DA:317,0
DA:323,0
DA:325,0
DA:326,0
DA:327,0
DA:329,0
DA:350,0
DA:351,0
DA:352,0
DA:353,0
DA:356,0
DA:358,0
DA:359,0
DA:362,0
DA:366,0
DA:370,0
LF:79
LH:0
BRDA:62,0,0,0
BRDA:62,0,1,0
BRDA:69,1,0,0
BRDA:69,1,1,0
BRDA:79,2,0,0
BRDA:79,2,1,0
BRDA:120,3,0,0
BRDA:120,3,1,0
BRDA:125,4,0,0
BRDA:180,5,0,0
BRDA:180,5,1,0
BRDA:196,6,0,0
BRDA:196,6,1,0
BRDA:234,7,0,0
BRDA:234,7,1,0
BRDA:239,8,0,0
BRDA:274,9,0,0
BRDA:274,9,1,0
BRDA:279,10,0,0
BRDA:307,11,0,0
BRDA:307,11,1,0
BRDA:352,12,0,0
BRDA:352,12,1,0
BRDA:358,13,0,0
BRDA:358,13,1,0
BRF:25
BRH:0
end_of_record
TN:
SF:src/routes/events.js
FN:9,(anonymous_0)
FNF:1
FNH:0
FNDA:0,(anonymous_0)
DA:1,0
DA:2,0
DA:3,0
DA:4,0
DA:5,0
DA:7,0
DA:9,0
DA:10,0
DA:11,0
DA:13,0
DA:14,0
DA:17,0
DA:26,0
DA:28,0
DA:32,0
DA:36,0
LF:16
LH:0
BRDA:11,0,0,0
BRDA:11,1,0,0
BRDA:11,2,0,0
BRDA:11,2,1,0
BRDA:13,3,0,0
BRDA:13,3,1,0
BRDA:13,4,0,0
BRDA:13,4,1,0
BRDA:19,5,0,0
BRDA:19,5,1,0
BRDA:20,6,0,0
BRDA:20,6,1,0
BRDA:20,6,2,0
BRF:13
BRH:0
end_of_record
TN:
SF:src/routes/faq-admin.js
FN:27,(anonymous_0)
FN:77,(anonymous_1)
FN:100,(anonymous_2)
FN:132,(anonymous_3)
FN:170,(anonymous_4)
FN:201,(anonymous_5)
FN:233,(anonymous_6)
FNF:7
FNH:0
FNDA:0,(anonymous_0)
FNDA:0,(anonymous_1)
FNDA:0,(anonymous_2)
FNDA:0,(anonymous_3)
FNDA:0,(anonymous_4)
FNDA:0,(anonymous_5)
FNDA:0,(anonymous_6)
DA:14,0
DA:15,0
DA:16,0
DA:17,0
DA:18,0
DA:21,0
DA:27,0
DA:28,0
DA:38,0
DA:41,0
DA:42,0
DA:44,0
DA:45,0
DA:48,0
DA:49,0
DA:53,0
DA:64,0
DA:69,0
DA:77,0
DA:78,0
DA:79,0
DA:81,0
DA:83,0
DA:84,0
DA:87,0
DA:92,0
DA:100,0
DA:101,0
DA:102,0
DA:105,0
DA:108,0
DA:109,0
DA:110,0
DA:117,0
DA:119,0
DA:124,0
DA:132,0
DA:133,0
DA:134,0
DA:135,0
DA:138,0
DA:141,0
DA:142,0
DA:143,0
DA:147,0
DA:148,0
DA:155,0
DA:157,0
DA:162,0
DA:170,0
DA:171,0
DA:172,0
DA:173,0
DA:175,0
DA:176,0
DA:180,0
DA:181,0
DA:182,0
DA:186,0
DA:188,0
DA:193,0
DA:201,0
DA:202,0
DA:203,0
DA:204,0
DA:207,0
DA:208,0
DA:212,0
DA:213,0
DA:214,0
DA:218,0
DA:220,0
DA:225,0
DA:233,0
DA:234,0
DA:235,0
DA:238,0
DA:239,0
DA:240,0
DA:247,0
DA:248,0
DA:252,0
DA:253,0
DA:257,0
DA:259,0
DA:264,0
DA:268,0
LF:87
LH:0
BRDA:30,0,0,0
BRDA:31,1,0,0
BRDA:36,2,0,0
BRDA:37,3,0,0
BRDA:44,4,0,0
BRDA:44,4,1,0
BRDA:48,5,0,0
BRDA:48,5,1,0
BRDA:48,6,0,0
BRDA:48,6,1,0
BRDA:57,7,0,0
BRDA:57,7,1,0
BRDA:59,8,0,0
BRDA:59,8,1,0
BRDA:59,9,0,0
BRDA:59,9,1,0
BRDA:83,10,0,0
BRDA:83,10,1,0
BRDA:109,11,0,0
BRDA:109,11,1,0
BRDA:142,12,0,0
BRDA:142,12,1,0
BRDA:147,13,0,0
BRDA:147,13,1,0
BRDA:147,14,0,0
BRDA:147,14,1,0
BRDA:175,15,0,0
BRDA:175,15,1,0
BRDA:181,16,0,0
BRDA:181,16,1,0
BRDA:207,17,0,0
BRDA:207,17,1,0
BRDA:213,18,0,0
BRDA:213,18,1,0
BRDA:239,19,0,0
BRDA:239,19,1,0
BRDA:247,20,0,0
BRDA:247,20,1,0
BRDA:247,21,0,0
BRDA:247,21,1,0
BRDA:252,22,0,0
BRDA:252,22,1,0
BRDA:252,23,0,0
BRDA:252,23,1,0
BRF:44
BRH:0
end_of_record
TN:
SF:src/routes/faq.js
FN:64,processLinksInText
FN:67,(anonymous_1)
FN:88,transformToSimplifiedFormat
FN:178,loadFAQData
FN:197,(anonymous_4)
FN:262,(anonymous_5)
FN:290,(anonymous_6)
FN:305,(anonymous_7)
FN:318,(anonymous_8)
FN:331,(anonymous_9)
FN:332,(anonymous_10)
FN:334,(anonymous_11)
FN:379,(anonymous_12)
FN:386,(anonymous_13)
FN:429,(anonymous_14)
FN:438,(anonymous_15)
FN:465,(anonymous_16)
FN:476,(anonymous_17)
FN:480,(anonymous_18)
FN:500,(anonymous_19)
FNF:20
FNH:0
FNDA:0,processLinksInText
FNDA:0,(anonymous_1)
FNDA:0,transformToSimplifiedFormat
FNDA:0,loadFAQData
FNDA:0,(anonymous_4)
FNDA:0,(anonymous_5)
FNDA:0,(anonymous_6)
FNDA:0,(anonymous_7)
FNDA:0,(anonymous_8)
FNDA:0,(anonymous_9)
FNDA:0,(anonymous_10)
FNDA:0,(anonymous_11)
FNDA:0,(anonymous_12)
FNDA:0,(anonymous_13)
FNDA:0,(anonymous_14)
FNDA:0,(anonymous_15)
FNDA:0,(anonymous_16)
FNDA:0,(anonymous_17)
FNDA:0,(anonymous_18)
FNDA:0,(anonymous_19)
DA:11,0
DA:12,0
DA:13,0
DA:14,0
DA:15,0
DA:16,0
DA:19,0
DA:20,0
DA:23,0
DA:65,0
DA:67,0
DA:68,0
DA:69,0
DA:72,0
DA:73,0
DA:89,0
DA:90,0
DA:94,0
DA:95,0
DA:96,0
DA:99,0
DA:110,0
DA:111,0
DA:113,0
DA:116,0
DA:117,0
DA:120,0
DA:121,0
DA:124,0
DA:129,0
DA:130,0
DA:131,0
DA:133,0
DA:137,0
DA:138,0
DA:139,0
DA:141,0
DA:145,0
DA:146,0
DA:147,0
DA:152,0
DA:180,0
DA:181,0
DA:186,0
DA:187,0
DA:188,0
DA:189,0
DA:190,0
DA:193,0
DA:194,0
DA:197,0
DA:198,0
DA:201,0
DA:204,0
DA:205,0
DA:207,0
DA:208,0
DA:212,0
DA:213,0
DA:214,0
DA:215,0
DA:216,0
DA:217,0
DA:219,0
DA:220,0
DA:223,0
DA:224,0
DA:226,0
DA:227,0
DA:262,0
DA:264,0
DA:266,0
DA:267,0
DA:270,0
DA:271,0
DA:274,0
DA:275,0
DA:278,0
DA:279,0
DA:283,0
DA:287,0
DA:289,0
DA:291,0
DA:292,0
DA:293,0
DA:296,0
DA:299,0
DA:300,0
DA:304,0
DA:305,0
DA:306,0
DA:308,0
DA:312,0
DA:313,0
DA:317,0
DA:318,0
DA:319,0
DA:321,0
DA:324,0
DA:331,0
DA:332,0
DA:334,0
DA:342,0
DA:345,0
DA:347,0
DA:359,0
DA:379,0
DA:380,0
DA:381,0
DA:382,0
DA:386,0
DA:387,0
DA:390,0
DA:400,0
DA:429,0
DA:430,0
DA:431,0
DA:432,0
DA:435,0
DA:438,0
DA:440,0
DA:441,0
DA:445,0
DA:447,0
DA:452,0
DA:465,0
DA:466,0
DA:467,0
DA:470,0
DA:472,0
DA:475,0
DA:476,0
DA:479,0
DA:480,0
DA:484,0
DA:486,0
DA:495,0
DA:500,0
DA:501,0
DA:502,0
DA:503,0
DA:505,0
DA:506,0
DA:507,0
DA:509,0
DA:524,0
DA:532,0
LF:147
LH:0
BRDA:64,0,0,0
BRDA:65,1,0,0
BRDA:65,1,1,0
BRDA:69,2,0,0
BRDA:69,2,1,0
BRDA:72,3,0,0
BRDA:72,3,1,0
BRDA:88,4,0,0
BRDA:89,5,0,0
BRDA:89,5,1,0
BRDA:90,6,0,0
BRDA:90,6,1,0
BRDA:95,7,0,0
BRDA:95,7,1,0
BRDA:96,8,0,0
BRDA:96,8,1,0
BRDA:99,9,0,0
BRDA:99,9,1,0
BRDA:99,9,2,0
BRDA:99,9,3,0
BRDA:111,10,0,0
BRDA:111,10,1,0
BRDA:113,11,0,0
BRDA:113,11,1,0
BRDA:113,11,2,0
BRDA:120,12,0,0
BRDA:120,12,1,0
BRDA:121,13,0,0
BRDA:121,13,1,0
BRDA:124,14,0,0
BRDA:124,14,1,0
BRDA:124,14,2,0
BRDA:130,15,0,0
BRDA:130,15,1,0
BRDA:131,16,0,0
BRDA:131,16,1,0
BRDA:133,17,0,0
BRDA:133,17,1,0
BRDA:133,17,2,0
BRDA:138,18,0,0
BRDA:138,18,1,0
BRDA:139,19,0,0
BRDA:139,19,1,0
BRDA:141,20,0,0
BRDA:141,20,1,0
BRDA:141,20,2,0
BRDA:153,21,0,0
BRDA:153,21,1,0
BRDA:155,22,0,0
BRDA:155,22,1,0
BRDA:155,22,2,0
BRDA:156,23,0,0
BRDA:156,23,1,0
BRDA:157,24,0,0
BRDA:157,24,1,0
BRDA:158,25,0,0
BRDA:158,25,1,0
BRDA:161,26,0,0
BRDA:161,26,1,0
BRDA:162,27,0,0
BRDA:162,27,1,0
BRDA:163,28,0,0
BRDA:163,28,1,0
BRDA:163,28,2,0
BRDA:164,29,0,0
BRDA:164,29,1,0
BRDA:164,29,2,0
BRDA:165,30,0,0
BRDA:165,30,1,0
BRDA:166,31,0,0
BRDA:166,31,1,0
BRDA:180,32,0,0
BRDA:180,32,1,0
BRDA:180,33,0,0
BRDA:180,33,1,0
BRDA:180,33,2,0
BRDA:193,34,0,0
BRDA:193,34,1,0
BRDA:193,35,0,0
BRDA:193,35,1,0
BRDA:198,36,0,0
BRDA:198,36,1,0
BRDA:198,36,2,0
BRDA:204,37,0,0
BRDA:204,37,1,0
BRDA:219,38,0,0
BRDA:219,38,1,0
BRDA:219,39,0,0
BRDA:219,39,1,0
BRDA:267,40,0,0
BRDA:267,41,0,0
BRDA:267,42,0,0
BRDA:270,43,0,0
BRDA:270,43,1,0
BRDA:270,44,0,0
BRDA:270,44,1,0
BRDA:274,45,0,0
BRDA:274,45,1,0
BRDA:278,46,0,0
BRDA:278,46,1,0
BRDA:278,47,0,0
BRDA:278,47,1,0
BRDA:299,48,0,0
BRDA:299,48,1,0
BRDA:299,49,0,0
BRDA:299,49,1,0
BRDA:304,50,0,0
BRDA:304,50,1,0
BRDA:304,51,0,0
BRDA:304,51,1,0
BRDA:306,52,0,0
BRDA:306,52,1,0
BRDA:308,53,0,0
BRDA:308,53,1,0
BRDA:312,54,0,0
BRDA:312,54,1,0
BRDA:312,55,0,0
BRDA:312,55,1,0
BRDA:317,56,0,0
BRDA:317,56,1,0
BRDA:317,57,0,0
BRDA:317,57,1,0
BRDA:321,58,0,0
BRDA:321,58,1,0
BRDA:338,59,0,0
BRDA:338,59,1,0
BRDA:382,60,0,0
BRDA:382,60,1,0
BRDA:386,61,0,0
BRDA:386,61,1,0
BRDA:392,62,0,0
BRDA:392,62,1,0
BRDA:392,62,2,0
BRDA:432,63,0,0
BRDA:440,64,0,0
BRDA:440,64,1,0
BRDA:467,65,0,0
BRDA:475,66,0,0
BRDA:475,66,1,0
BRDA:479,67,0,0
BRDA:479,67,1,0
BRDA:489,68,0,0
BRDA:489,68,1,0
BRDA:489,68,2,0
BRDA:515,69,0,0
BRDA:515,69,1,0
BRF:146
BRH:0
end_of_record
TN:
SF:src/routes/index.js
FN:50,(anonymous_0)
FNF:1
FNH:0
FNDA:0,(anonymous_0)
DA:8,0
DA:9,0
DA:12,0
DA:13,0
DA:14,0
DA:15,0
DA:16,0
DA:17,0
DA:18,0
DA:19,0
DA:20,0
DA:21,0
DA:22,0
DA:23,0
DA:24,0
DA:25,0
DA:26,0
DA:34,0
DA:35,0
DA:36,0
DA:37,0
DA:38,0
DA:39,0
DA:40,0
DA:41,0
DA:42,0
DA:43,0
DA:44,0
DA:45,0
DA:46,0
DA:47,0
DA:50,0
DA:51,0
DA:66,0
LF:34
LH:0
BRF:0
BRH:0
end_of_record
TN:
SF:src/routes/intent.js
FN:27,loadFAQData
FN:51,(anonymous_1)
FN:93,(anonymous_2)
FN:159,(anonymous_3)
FN:232,(anonymous_4)
FN:261,(anonymous_5)
FN:263,(anonymous_6)
FN:313,(anonymous_7)
FNF:8
FNH:0
FNDA:0,loadFAQData
FNDA:0,(anonymous_1)
FNDA:0,(anonymous_2)
FNDA:0,(anonymous_3)
FNDA:0,(anonymous_4)
FNDA:0,(anonymous_5)
FNDA:0,(anonymous_6)
FNDA:0,(anonymous_7)
DA:10,0
DA:11,0
DA:12,0
DA:13,0
DA:14,0
DA:15,0
DA:16,0
DA:17,0
DA:18,0
DA:21,0
DA:22,0
DA:23,0
DA:24,0
DA:29,0
DA:30,0
DA:31,0
DA:32,0
DA:35,0
DA:46,0
DA:51,0
DA:52,0
DA:53,0
DA:54,0
DA:55,0
DA:56,0
DA:58,0
DA:93,0
DA:94,0
DA:96,0
DA:97,0
DA:100,0
DA:101,0
DA:104,0
DA:105,0
DA:109,0
DA:110,0
DA:111,0
DA:115,0
DA:120,0
DA:122,0
DA:127,0
DA:159,0
DA:160,0
DA:162,0
DA:163,0
DA:166,0
DA:167,0
DA:171,0
DA:174,0
DA:176,0
DA:178,0
DA:187,0
DA:232,0
DA:233,0
DA:235,0
DA:236,0
DA:239,0
DA:240,0
DA:244,0
DA:247,0
DA:248,0
DA:249,0
DA:253,0
DA:260,0
DA:261,0
DA:263,0
DA:270,0
DA:272,0
DA:286,0
DA:313,0
DA:314,0
DA:315,0
DA:316,0
DA:318,0
DA:319,0
DA:322,0
DA:324,0
DA:333,0
DA:337,0
LF:79
LH:0
BRDA:30,0,0,0
BRDA:30,0,1,0
BRDA:97,1,0,0
BRDA:97,2,0,0
BRDA:100,3,0,0
BRDA:100,3,1,0
BRDA:100,4,0,0
BRDA:100,4,1,0
BRDA:104,5,0,0
BRDA:104,5,1,0
BRDA:110,6,0,0
BRDA:110,6,1,0
BRDA:110,7,0,0
BRDA:110,7,1,0
BRDA:166,8,0,0
BRDA:166,8,1,0
BRDA:166,9,0,0
BRDA:166,9,1,0
BRDA:236,10,0,0
BRDA:236,11,0,0
BRDA:239,12,0,0
BRDA:239,12,1,0
BRDA:239,13,0,0
BRDA:239,13,1,0
BRDA:248,14,0,0
BRDA:248,14,1,0
BRDA:248,15,0,0
BRDA:248,15,1,0
BRF:28
BRH:0
end_of_record
TN:
SF:src/routes/links.js
FN:30,loadLinkRegistry
FN:97,(anonymous_1)
FN:126,(anonymous_2)
FN:157,(anonymous_3)
FN:185,getNestedProperty
FN:186,(anonymous_5)
FNF:6
FNH:0
FNDA:0,loadLinkRegistry
FNDA:0,(anonymous_1)
FNDA:0,(anonymous_2)
FNDA:0,(anonymous_3)
FNDA:0,getNestedProperty
FNDA:0,(anonymous_5)
DA:9,0
DA:10,0
DA:11,0
DA:12,0
DA:13,0
DA:14,0
DA:17,0
DA:18,0
DA:32,0
DA:33,0
DA:36,0
DA:43,0
DA:44,0
DA:45,0
DA:46,0
DA:47,0
DA:50,0
DA:51,0
DA:54,0
DA:55,0
DA:58,0
DA:63,0
DA:64,0
DA:65,0
DA:66,0
DA:67,0
DA:69,0
DA:70,0
DA:73,0
DA:74,0
DA:76,0
DA:77,0
DA:78,0
DA:97,0
DA:98,0
DA:99,0
DA:101,0
DA:103,0
DA:126,0
DA:127,0
DA:128,0
DA:130,0
DA:131,0
DA:134,0
DA:137,0
DA:140,0
DA:141,0
DA:144,0
DA:145,0
DA:149,0
DA:151,0
DA:152,0
DA:154,0
DA:157,0
DA:158,0
DA:159,0
DA:162,0
DA:167,0
DA:173,0
DA:186,0
DA:189,0
LF:61
LH:0
BRDA:32,0,0,0
BRDA:32,0,1,0
BRDA:32,1,0,0
BRDA:32,1,1,0
BRDA:32,1,2,0
BRDA:50,2,0,0
BRDA:50,2,1,0
BRDA:50,3,0,0
BRDA:50,3,1,0
BRDA:69,4,0,0
BRDA:69,4,1,0
BRDA:69,5,0,0
BRDA:69,5,1,0
BRDA:130,6,0,0
BRDA:130,6,1,0
BRDA:140,7,0,0
BRDA:140,7,1,0
BRDA:144,8,0,0
BRDA:144,8,1,0
BRDA:149,9,0,0
BRDA:149,9,1,0
BRDA:151,10,0,0
BRDA:151,10,1,0
BRDA:151,11,0,0
BRDA:151,11,1,0
BRDA:154,12,0,0
BRDA:154,12,1,0
BRDA:159,13,0,0
BRDA:159,13,1,0
BRF:29
BRH:0
end_of_record
TN:
SF:src/routes/llm.js
FN:34,initializeServices
FN:118,(anonymous_1)
FN:283,(anonymous_2)
FN:328,(anonymous_3)
FN:470,(anonymous_4)
FN:526,(anonymous_5)
FN:561,(anonymous_6)
FN:594,(anonymous_7)
FNF:8
FNH:0
FNDA:0,initializeServices
FNDA:0,(anonymous_1)
FNDA:0,(anonymous_2)
FNDA:0,(anonymous_3)
FNDA:0,(anonymous_4)
FNDA:0,(anonymous_5)
FNDA:0,(anonymous_6)
FNDA:0,(anonymous_7)
DA:12,0
DA:13,0
DA:14,0
DA:15,0
DA:16,0
DA:17,0
DA:18,0
DA:19,0
DA:20,0
DA:21,0
DA:22,0
DA:26,0
DA:27,0
DA:28,0
DA:29,0
DA:30,0
DA:31,0
DA:35,0
DA:36,0
DA:37,0
DA:40,0
DA:59,0
DA:62,0
DA:67,0
DA:70,0
DA:71,0
DA:74,0
DA:75,0
DA:76,0
DA:79,0
DA:80,0
DA:81,0
DA:83,0
DA:85,0
DA:86,0
DA:118,0
DA:119,0
DA:120,0
DA:122,0
DA:123,0
DA:124,0
DA:127,0
DA:130,0
DA:131,0
DA:134,0
DA:135,0
DA:139,0
DA:140,0
DA:141,0
DA:143,0
DA:144,0
DA:146,0
DA:149,0
DA:150,0
DA:155,0
DA:156,0
DA:158,0
DA:160,0
DA:165,0
DA:171,0
DA:174,0
DA:175,0
DA:176,0
DA:184,0
DA:185,0
DA:186,0
DA:201,0
DA:203,0
DA:208,0
DA:209,0
DA:210,0
DA:231,0
DA:235,0
DA:242,0
DA:243,0
DA:244,0
DA:259,0
DA:263,0
DA:283,0
DA:284,0
DA:285,0
DA:287,0
DA:288,0
DA:289,0
DA:292,0
DA:295,0
DA:296,0
DA:300,0
DA:301,0
DA:302,0
DA:304,0
DA:305,0
DA:306,0
DA:307,0
DA:308,0
DA:312,0
DA:313,0
DA:314,0
DA:316,0
DA:321,0
DA:322,0
DA:323,0
DA:326,0
DA:329,0
DA:338,0
DA:341,0
DA:342,0
DA:343,0
DA:351,0
DA:352,0
DA:353,0
DA:368,0
DA:370,0
DA:375,0
DA:376,0
DA:377,0
DA:399,0
DA:404,0
DA:411,0
DA:414,0
DA:415,0
DA:416,0
DA:431,0
DA:435,0
DA:470,0
DA:471,0
DA:473,0
DA:474,0
DA:475,0
DA:478,0
DA:481,0
DA:482,0
DA:486,0
DA:489,0
DA:491,0
DA:493,0
DA:501,0
DA:526,0
DA:527,0
DA:528,0
DA:529,0
DA:532,0
DA:534,0
DA:538,0
DA:561,0
DA:562,0
DA:563,0
DA:564,0
DA:567,0
DA:569,0
DA:573,0
DA:594,0
DA:595,0
DA:596,0
DA:597,0
DA:600,0
DA:602,0
DA:606,0
DA:611,0
DA:613,0
LF:160
LH:0
BRDA:41,0,0,0
BRDA:41,0,1,0
BRDA:45,1,0,0
BRDA:45,1,1,0
BRDA:48,2,0,0
BRDA:48,2,1,0
BRDA:51,3,0,0
BRDA:51,3,1,0
BRDA:54,4,0,0
BRDA:54,4,1,0
BRDA:55,5,0,0
BRDA:55,5,1,0
BRDA:123,6,0,0
BRDA:123,6,1,0
BRDA:130,7,0,0
BRDA:130,7,1,0
BRDA:130,8,0,0
BRDA:130,8,1,0
BRDA:134,9,0,0
BRDA:134,9,1,0
BRDA:143,10,0,0
BRDA:143,10,1,0
BRDA:143,11,0,0
BRDA:143,11,1,0
BRDA:175,12,0,0
BRDA:175,12,1,0
BRDA:184,13,0,0
BRDA:184,13,1,0
BRDA:195,14,0,0
BRDA:195,14,1,0
BRDA:208,15,0,0
BRDA:208,15,1,0
BRDA:223,16,0,0
BRDA:223,16,1,0
BRDA:223,16,2,0
BRDA:226,17,0,0
BRDA:226,17,1,0
BRDA:242,18,0,0
BRDA:242,18,1,0
BRDA:246,19,0,0
BRDA:246,19,1,0
BRDA:247,20,0,0
BRDA:247,20,1,0
BRDA:288,21,0,0
BRDA:288,21,1,0
BRDA:295,22,0,0
BRDA:295,22,1,0
BRDA:295,23,0,0
BRDA:295,23,1,0
BRDA:304,24,0,0
BRDA:304,24,1,0
BRDA:304,25,0,0
BRDA:304,25,1,0
BRDA:342,26,0,0
BRDA:342,26,1,0
BRDA:351,27,0,0
BRDA:351,27,1,0
BRDA:362,28,0,0
BRDA:362,28,1,0
BRDA:375,29,0,0
BRDA:375,29,1,0
BRDA:390,30,0,0
BRDA:390,30,1,0
BRDA:390,30,2,0
BRDA:393,31,0,0
BRDA:393,31,1,0
BRDA:414,32,0,0
BRDA:414,32,1,0
BRDA:418,33,0,0
BRDA:418,33,1,0
BRDA:419,34,0,0
BRDA:419,34,1,0
BRDA:474,35,0,0
BRDA:474,35,1,0
BRDA:478,36,0,0
BRDA:481,37,0,0
BRDA:481,37,1,0
BRDA:481,38,0,0
BRDA:481,38,1,0
BRDA:528,39,0,0
BRDA:528,39,1,0
BRDA:563,40,0,0
BRDA:563,40,1,0
BRDA:596,41,0,0
BRDA:596,41,1,0
BRF:85
BRH:0
end_of_record
TN:
SF:src/routes/park_faq.js
FN:30,loadParkFaqCards
FN:56,getAnalyticsDb
FN:70,extractLanguageContent
FN:77,(anonymous_3)
FN:105,(anonymous_4)
FN:122,(anonymous_5)
FN:129,(anonymous_6)
FN:133,(anonymous_7)
FN:134,(anonymous_8)
FN:140,(anonymous_9)
FN:174,(anonymous_10)
FN:243,(anonymous_11)
FN:306,(anonymous_12)
FN:401,(anonymous_13)
FNF:14
FNH:0
FNDA:0,loadParkFaqCards
FNDA:0,getAnalyticsDb
FNDA:0,extractLanguageContent
FNDA:0,(anonymous_3)
FNDA:0,(anonymous_4)
FNDA:0,(anonymous_5)
FNDA:0,(anonymous_6)
FNDA:0,(anonymous_7)
FNDA:0,(anonymous_8)
FNDA:0,(anonymous_9)
FNDA:0,(anonymous_10)
FNDA:0,(anonymous_11)
FNDA:0,(anonymous_12)
FNDA:0,(anonymous_13)
DA:11,0
DA:12,0
DA:13,0
DA:14,0
DA:15,0
DA:16,0
DA:17,0
DA:20,0
DA:21,0
DA:24,0
DA:31,0
DA:32,0
DA:35,0
DA:36,0
DA:39,0
DA:40,0
DA:41,0
DA:42,0
DA:43,0
DA:45,0
DA:46,0
DA:48,0
DA:49,0
DA:57,0
DA:58,0
DA:59,0
DA:61,0
DA:71,0
DA:77,0
DA:105,0
DA:106,0
DA:107,0
DA:110,0
DA:111,0
DA:114,0
DA:115,0
DA:119,0
DA:122,0
DA:124,0
DA:125,0
DA:129,0
DA:132,0
DA:133,0
DA:134,0
DA:135,0
DA:140,0
DA:143,0
DA:144,0
DA:146,0
DA:154,0
DA:156,0
DA:174,0
DA:175,0
DA:176,0
DA:179,0
DA:180,0
DA:184,0
DA:185,0
DA:189,0
DA:190,0
DA:194,0
DA:205,0
DA:214,0
DA:216,0
DA:221,0
DA:222,0
DA:225,0
DA:243,0
DA:244,0
DA:245,0
DA:248,0
DA:249,0
DA:253,0
DA:254,0
DA:258,0
DA:259,0
DA:262,0
DA:272,0
DA:280,0
DA:282,0
DA:288,0
DA:289,0
DA:292,0
DA:306,0
DA:307,0
DA:308,0
DA:310,0
DA:311,0
DA:314,0
DA:315,0
DA:318,0
DA:328,0
DA:330,0
DA:331,0
DA:332,0
DA:335,0
DA:336,0
DA:337,0
DA:340,0
DA:341,0
DA:342,0
DA:345,0
DA:347,0
DA:350,0
DA:359,0
DA:361,0
DA:362,0
DA:363,0
DA:366,0
DA:367,0
DA:368,0
DA:371,0
DA:372,0
DA:373,0
DA:376,0
DA:378,0
DA:380,0
DA:390,0
DA:391,0
DA:394,0
DA:401,0
DA:402,0
DA:403,0
DA:404,0
DA:405,0
DA:407,0
DA:412,0
LF:127
LH:0
BRDA:35,0,0,0
BRDA:35,0,1,0
BRDA:35,1,0,0
BRDA:35,1,1,0
BRDA:35,1,2,0
BRDA:45,2,0,0
BRDA:45,2,1,0
BRDA:57,3,0,0
BRDA:57,3,1,0
BRDA:70,4,0,0
BRDA:75,5,0,0
BRDA:75,5,1,0
BRDA:76,6,0,0
BRDA:76,6,1,0
BRDA:78,7,0,0
BRDA:78,7,1,0
BRDA:107,8,0,0
BRDA:110,9,0,0
BRDA:110,9,1,0
BRDA:114,10,0,0
BRDA:114,10,1,0
BRDA:124,11,0,0
BRDA:124,11,1,0
BRDA:140,12,0,0
BRDA:140,12,1,0
BRDA:140,13,0,0
BRDA:140,13,1,0
BRDA:144,14,0,0
BRDA:144,14,1,0
BRDA:176,15,0,0
BRDA:176,16,0,0
BRDA:179,17,0,0
BRDA:179,17,1,0
BRDA:179,18,0,0
BRDA:179,18,1,0
BRDA:179,18,2,0
BRDA:184,19,0,0
BRDA:184,19,1,0
BRDA:245,20,0,0
BRDA:248,21,0,0
BRDA:248,21,1,0
BRDA:248,22,0,0
BRDA:248,22,1,0
BRDA:248,22,2,0
BRDA:253,23,0,0
BRDA:253,23,1,0
BRDA:308,24,0,0
BRDA:310,25,0,0
BRDA:310,25,1,0
BRDA:330,26,0,0
BRDA:330,26,1,0
BRDA:330,27,0,0
BRDA:330,27,1,0
BRDA:335,28,0,0
BRDA:335,28,1,0
BRDA:340,29,0,0
BRDA:340,29,1,0
BRDA:361,30,0,0
BRDA:361,30,1,0
BRDA:361,31,0,0
BRDA:361,31,1,0
BRDA:366,32,0,0
BRDA:366,32,1,0
BRDA:371,33,0,0
BRDA:371,33,1,0
BRDA:385,34,0,0
BRDA:385,34,1,0
BRDA:386,35,0,0
BRDA:386,35,1,0
BRDA:402,36,0,0
BRDA:402,36,1,0
BRF:71
BRH:0
end_of_record
TN:
SF:src/routes/resort-admin.js
FN:26,(anonymous_0)
FN:87,(anonymous_1)
FN:104,(anonymous_2)
FN:121,(anonymous_3)
FN:138,(anonymous_4)
FN:161,(anonymous_5)
FNF:6
FNH:0
FNDA:0,(anonymous_0)
FNDA:0,(anonymous_1)
FNDA:0,(anonymous_2)
FNDA:0,(anonymous_3)
FNDA:0,(anonymous_4)
FNDA:0,(anonymous_5)
DA:13,0
DA:14,0
DA:15,0
DA:16,0
DA:17,0
DA:20,0
DA:26,0
DA:27,0
DA:37,0
DA:40,0
DA:41,0
DA:43,0
DA:44,0
DA:47,0
DA:48,0
DA:52,0
DA:53,0
DA:54,0
DA:58,0
DA:59,0
DA:60,0
DA:63,0
DA:74,0
DA:79,0
DA:87,0
DA:88,0
DA:89,0
DA:91,0
DA:96,0
DA:104,0
DA:105,0
DA:106,0
DA:108,0
DA:113,0
DA:121,0
DA:122,0
DA:123,0
DA:125,0
DA:130,0
DA:138,0
DA:139,0
DA:140,0
DA:142,0
DA:144,0
DA:145,0
DA:148,0
DA:153,0
DA:161,0
DA:162,0
DA:163,0
DA:164,0
DA:167,0
DA:170,0
DA:171,0
DA:172,0
DA:176,0
DA:177,0
DA:184,0
DA:186,0
DA:191,0
DA:195,0
LF:61
LH:0
BRDA:29,0,0,0
BRDA:30,1,0,0
BRDA:35,2,0,0
BRDA:36,3,0,0
BRDA:43,4,0,0
BRDA:43,4,1,0
BRDA:47,5,0,0
BRDA:47,5,1,0
BRDA:47,6,0,0
BRDA:47,6,1,0
BRDA:53,7,0,0
BRDA:53,7,1,0
BRDA:54,8,0,0
BRDA:54,8,1,0
BRDA:59,9,0,0
BRDA:59,9,1,0
BRDA:60,10,0,0
BRDA:60,10,1,0
BRDA:144,11,0,0
BRDA:144,11,1,0
BRDA:171,12,0,0
BRDA:171,12,1,0
BRDA:176,13,0,0
BRDA:176,13,1,0
BRDA:176,14,0,0
BRDA:176,14,1,0
BRF:26
BRH:0
end_of_record
TN:
SF:src/routes/resort.js
FN:16,(anonymous_0)
FN:24,(anonymous_1)
FN:32,(anonymous_2)
FN:75,(anonymous_3)
FN:93,(anonymous_4)
FN:106,(anonymous_5)
FN:144,(anonymous_6)
FN:175,(anonymous_7)
FN:180,(anonymous_8)
FN:194,(anonymous_9)
FN:200,(anonymous_10)
FN:260,(anonymous_11)
FN:265,(anonymous_12)
FN:274,(anonymous_13)
FNF:14
FNH:0
FNDA:0,(anonymous_0)
FNDA:0,(anonymous_1)
FNDA:0,(anonymous_2)
FNDA:0,(anonymous_3)
FNDA:0,(anonymous_4)
FNDA:0,(anonymous_5)
FNDA:0,(anonymous_6)
FNDA:0,(anonymous_7)
FNDA:0,(anonymous_8)
FNDA:0,(anonymous_9)
FNDA:0,(anonymous_10)
FNDA:0,(anonymous_11)
FNDA:0,(anonymous_12)
FNDA:0,(anonymous_13)
DA:7,0
DA:8,0
DA:9,0
DA:16,0
DA:17,0
DA:18,0
DA:20,0
DA:23,0
DA:24,0
DA:25,0
DA:31,0
DA:32,0
DA:33,0
DA:34,0
DA:35,0
DA:37,0
DA:50,0
DA:59,0
DA:60,0
DA:75,0
DA:76,0
DA:77,0
DA:79,0
DA:80,0
DA:89,0
DA:90,0
DA:93,0
DA:94,0
DA:95,0
DA:96,0
DA:98,0
DA:103,0
DA:106,0
DA:118,0
DA:119,0
DA:144,0
DA:145,0
DA:146,0
DA:159,0
DA:160,0
DA:175,0
DA:176,0
DA:177,0
DA:178,0
DA:180,0
DA:182,0
DA:183,0
DA:193,0
DA:194,0
DA:196,0
DA:197,0
DA:199,0
DA:200,0
DA:202,0
DA:244,0
DA:245,0
DA:260,0
DA:261,0
DA:262,0
DA:263,0
DA:265,0
DA:266,0
DA:270,0
DA:274,0
DA:287,0
DA:288,0
DA:298,0
LF:67
LH:0
BRDA:20,0,0,0
BRDA:20,0,1,0
BRDA:23,1,0,0
BRDA:23,1,1,0
BRDA:25,2,0,0
BRDA:25,2,1,0
BRDA:34,3,0,0
BRDA:34,3,1,0
BRDA:43,4,0,0
BRDA:43,4,1,0
BRDA:44,5,0,0
BRDA:44,5,1,0
BRDA:45,6,0,0
BRDA:45,6,1,0
BRDA:46,7,0,0
BRDA:46,7,1,0
BRDA:79,8,0,0
BRDA:79,8,1,0
BRDA:79,9,0,0
BRDA:79,9,1,0
BRDA:90,10,0,0
BRDA:90,10,1,0
BRDA:94,11,0,0
BRDA:94,11,1,0
BRDA:95,12,0,0
BRDA:95,12,1,0
BRDA:96,13,0,0
BRDA:96,13,1,0
BRDA:98,14,0,0
BRDA:98,14,1,0
BRDA:98,14,2,0
BRDA:149,15,0,0
BRDA:149,15,1,0
BRDA:150,16,0,0
BRDA:150,16,1,0
BRDA:151,17,0,0
BRDA:151,17,1,0
BRDA:178,18,0,0
BRDA:178,18,1,0
BRDA:182,19,0,0
BRDA:182,19,1,0
BRDA:193,20,0,0
BRDA:193,20,1,0
BRDA:196,21,0,0
BRDA:196,21,1,0
BRDA:199,22,0,0
BRDA:199,22,1,0
BRDA:212,23,0,0
BRDA:212,23,1,0
BRDA:219,24,0,0
BRDA:219,24,1,0
BRDA:220,25,0,0
BRDA:220,25,1,0
BRDA:221,26,0,0
BRDA:221,26,1,0
BRDA:225,27,0,0
BRDA:225,27,1,0
BRDA:232,28,0,0
BRDA:232,28,1,0
BRDA:238,29,0,0
BRDA:238,29,1,0
BRDA:263,30,0,0
BRDA:263,30,1,0
BRDA:266,31,0,0
BRDA:266,31,1,0
BRDA:278,32,0,0
BRDA:278,32,1,0
BRDA:279,33,0,0
BRDA:279,33,1,0
BRDA:280,34,0,0
BRDA:280,34,1,0
BRDA:281,35,0,0
BRDA:281,35,1,0
BRF:73
BRH:0
end_of_record
TN:
SF:src/services/alert-service.js
FN:8,(anonymous_0)
FN:50,(anonymous_1)
FN:60,(anonymous_2)
FN:99,(anonymous_3)
FN:135,(anonymous_4)
FN:174,(anonymous_5)
FN:208,(anonymous_6)
FN:250,(anonymous_7)
FN:266,(anonymous_8)
FN:281,(anonymous_9)
FN:297,(anonymous_10)
FN:305,(anonymous_11)
FNF:12
FNH:0
FNDA:0,(anonymous_0)
FNDA:0,(anonymous_1)
FNDA:0,(anonymous_2)
FNDA:0,(anonymous_3)
FNDA:0,(anonymous_4)
FNDA:0,(anonymous_5)
FNDA:0,(anonymous_6)
FNDA:0,(anonymous_7)
FNDA:0,(anonymous_8)
FNDA:0,(anonymous_9)
FNDA:0,(anonymous_10)
FNDA:0,(anonymous_11)
DA:9,0
DA:12,0
DA:33,0
DA:41,0
DA:43,0
DA:51,0
DA:52,0
DA:61,0
DA:62,0
DA:65,0
DA:67,0
DA:69,0
DA:70,0
DA:73,0
DA:74,0
DA:77,0
DA:78,0
DA:81,0
DA:82,0
DA:85,0
DA:86,0
DA:89,0
DA:91,0
DA:92,0
DA:100,0
DA:101,0
DA:104,0
DA:105,0
DA:110,0
DA:112,0
DA:113,0
DA:115,0
DA:129,0
DA:136,0
DA:137,0
DA:141,0
DA:142,0
DA:144,0
DA:149,0
DA:151,0
DA:152,0
DA:154,0
DA:168,0
DA:175,0
DA:176,0
DA:179,0
DA:180,0
DA:184,0
DA:186,0
DA:187,0
DA:189,0
DA:202,0
DA:209,0
DA:210,0
DA:213,0
DA:214,0
DA:218,0
DA:219,0
DA:221,0
DA:222,0
DA:225,0
DA:227,0
DA:228,0
DA:230,0
DA:244,0
DA:251,0
DA:253,0
DA:254,0
DA:257,0
DA:258,0
DA:260,0
DA:267,0
DA:269,0
DA:270,0
DA:271,0
DA:273,0
DA:282,0
DA:298,0
DA:299,0
DA:306,0
DA:315,0
LF:81
LH:0
BRDA:8,0,0,0
BRDA:14,1,0,0
BRDA:14,1,1,0
BRDA:17,2,0,0
BRDA:17,2,1,0
BRDA:20,3,0,0
BRDA:20,3,1,0
BRDA:23,4,0,0
BRDA:23,4,1,0
BRDA:26,5,0,0
BRDA:26,5,1,0
BRDA:51,6,0,0
BRDA:51,6,1,0
BRDA:61,7,0,0
BRDA:61,7,1,0
BRDA:70,8,0,0
BRDA:70,8,1,0
BRDA:74,9,0,0
BRDA:74,9,1,0
BRDA:78,10,0,0
BRDA:78,10,1,0
BRDA:82,11,0,0
BRDA:82,11,1,0
BRDA:100,12,0,0
BRDA:100,12,1,0
BRDA:112,13,0,0
BRDA:112,13,1,0
BRDA:136,14,0,0
BRDA:136,14,1,0
BRDA:151,15,0,0
BRDA:151,15,1,0
BRDA:175,16,0,0
BRDA:175,16,1,0
BRDA:186,17,0,0
BRDA:186,17,1,0
BRDA:209,18,0,0
BRDA:209,18,1,0
BRDA:221,19,0,0
BRDA:221,19,1,0
BRDA:227,20,0,0
BRDA:227,20,1,0
BRDA:253,21,0,0
BRDA:253,21,1,0
BRDA:286,22,0,0
BRDA:286,22,1,0
BRDA:287,23,0,0
BRDA:287,23,1,0
BRDA:288,24,0,0
BRDA:288,24,1,0
BRDA:289,25,0,0
BRDA:289,25,1,0
BRF:51
BRH:0
end_of_record
TN:
SF:src/services/analytics-service.js
FN:12,(anonymous_0)
FN:70,(anonymous_1)
FN:203,(anonymous_2)
FN:204,(anonymous_3)
FN:208,(anonymous_4)
FN:239,(anonymous_5)
FN:289,(anonymous_6)
FN:330,(anonymous_7)
FN:447,(anonymous_8)
FN:465,(anonymous_9)
FN:485,(anonymous_10)
FN:510,(anonymous_11)
FN:547,(anonymous_12)
FN:573,(anonymous_13)
FN:623,(anonymous_14)
FN:669,(anonymous_15)
FN:715,(anonymous_16)
FN:752,(anonymous_17)
FN:789,(anonymous_18)
FN:829,(anonymous_19)
FN:869,(anonymous_20)
FN:893,(anonymous_21)
FN:921,(anonymous_22)
FN:931,(anonymous_23)
FN:961,(anonymous_24)
FNF:25
FNH:0
FNDA:0,(anonymous_0)
FNDA:0,(anonymous_1)
FNDA:0,(anonymous_2)
FNDA:0,(anonymous_3)
FNDA:0,(anonymous_4)
FNDA:0,(anonymous_5)
FNDA:0,(anonymous_6)
FNDA:0,(anonymous_7)
FNDA:0,(anonymous_8)
FNDA:0,(anonymous_9)
FNDA:0,(anonymous_10)
FNDA:0,(anonymous_11)
FNDA:0,(anonymous_12)
FNDA:0,(anonymous_13)
FNDA:0,(anonymous_14)
FNDA:0,(anonymous_15)
FNDA:0,(anonymous_16)
FNDA:0,(anonymous_17)
FNDA:0,(anonymous_18)
FNDA:0,(anonymous_19)
FNDA:0,(anonymous_20)
FNDA:0,(anonymous_21)
FNDA:0,(anonymous_22)
FNDA:0,(anonymous_23)
FNDA:0,(anonymous_24)
DA:7,0
DA:8,0
DA:9,0
DA:19,0
DA:23,0
DA:26,0
DA:27,0
DA:28,0
DA:29,0
DA:30,0
DA:34,0
DA:35,0
DA:37,0
DA:42,0
DA:46,0
DA:47,0
DA:48,0
DA:49,0
DA:52,0
DA:53,0
DA:55,0
DA:56,0
DA:58,0
DA:63,0
DA:73,0
DA:76,0
DA:196,0
DA:204,0
DA:205,0
DA:206,0
DA:207,0
DA:208,0
DA:209,0
DA:210,0
DA:211,0
DA:212,0
DA:213,0
DA:218,0
DA:222,0
DA:223,0
DA:224,0
DA:225,0
DA:226,0
DA:227,0
DA:228,0
DA:229,0
DA:231,0
DA:253,0
DA:255,0
DA:264,0
DA:280,0
DA:282,0
DA:290,0
DA:292,0
DA:309,0
DA:336,0
DA:338,0
DA:339,0
DA:341,0
DA:342,0
DA:343,0
DA:346,0
DA:347,0
DA:348,0
DA:351,0
DA:352,0
DA:353,0
DA:357,0
DA:370,0
DA:373,0
DA:386,0
DA:389,0
DA:405,0
DA:408,0
DA:422,0
DA:424,0
DA:448,0
DA:463,0
DA:465,0
DA:486,0
DA:500,0
DA:512,0
DA:533,0
DA:534,0
DA:536,0
DA:537,0
DA:539,0
DA:548,0
DA:555,0
DA:565,0
DA:574,0
DA:583,0
DA:585,0
DA:586,0
DA:587,0
DA:590,0
DA:591,0
DA:592,0
DA:595,0
DA:596,0
DA:597,0
DA:600,0
DA:601,0
DA:602,0
DA:605,0
DA:606,0
DA:609,0
DA:610,0
DA:612,0
DA:615,0
DA:624,0
DA:635,0
DA:637,0
DA:638,0
DA:639,0
DA:642,0
DA:643,0
DA:644,0
DA:647,0
DA:648,0
DA:649,0
DA:652,0
DA:653,0
DA:655,0
DA:656,0
DA:657,0
DA:660,0
DA:661,0
DA:670,0
DA:681,0
DA:683,0
DA:684,0
DA:685,0
DA:688,0
DA:689,0
DA:690,0
DA:693,0
DA:694,0
DA:695,0
DA:698,0
DA:699,0
DA:701,0
DA:702,0
DA:703,0
DA:706,0
DA:707,0
DA:716,0
DA:724,0
DA:726,0
DA:727,0
DA:728,0
DA:731,0
DA:732,0
DA:733,0
DA:736,0
DA:737,0
DA:738,0
DA:741,0
DA:743,0
DA:744,0
DA:753,0
DA:761,0
DA:763,0
DA:764,0
DA:765,0
DA:768,0
DA:769,0
DA:770,0
DA:773,0
DA:775,0
DA:776,0
DA:777,0
DA:780,0
DA:781,0
DA:790,0
DA:801,0
DA:803,0
DA:804,0
DA:805,0
DA:808,0
DA:809,0
DA:810,0
DA:813,0
DA:814,0
DA:815,0
DA:818,0
DA:820,0
DA:821,0
DA:830,0
DA:838,0
DA:840,0
DA:841,0
DA:842,0
DA:845,0
DA:846,0
DA:847,0
DA:850,0
DA:851,0
DA:852,0
DA:855,0
DA:857,0
DA:858,0
DA:859,0
DA:862,0
DA:863,0
DA:870,0
DA:875,0
DA:880,0
DA:894,0
DA:898,0
DA:906,0
DA:907,0
DA:922,0
DA:924,0
DA:928,0
DA:930,0
DA:931,0
DA:933,0
DA:934,0
DA:936,0
DA:937,0
DA:943,0
DA:946,0
DA:947,0
DA:953,0
DA:962,0
DA:966,0
LF:227
LH:0
BRDA:19,0,0,0
BRDA:19,0,1,0
BRDA:19,0,2,0
BRDA:21,1,0,0
BRDA:21,1,1,0
BRDA:28,2,0,0
BRDA:28,2,1,0
BRDA:204,3,0,0
BRDA:209,4,0,0
BRDA:209,4,1,0
BRDA:212,5,0,0
BRDA:212,5,1,0
BRDA:249,6,0,0
BRDA:250,7,0,0
BRDA:251,8,0,0
BRDA:252,9,0,0
BRDA:274,10,0,0
BRDA:274,10,1,0
BRDA:312,11,0,0
BRDA:312,11,1,0
BRDA:313,12,0,0
BRDA:313,12,1,0
BRDA:315,13,0,0
BRDA:315,13,1,0
BRDA:317,14,0,0
BRDA:317,14,1,0
BRDA:318,15,0,0
BRDA:318,15,1,0
BRDA:320,16,0,0
BRDA:320,16,1,0
BRDA:330,17,0,0
BRDA:332,18,0,0
BRDA:333,19,0,0
BRDA:334,20,0,0
BRDA:335,21,0,0
BRDA:341,22,0,0
BRDA:341,22,1,0
BRDA:346,23,0,0
BRDA:346,23,1,0
BRDA:351,24,0,0
BRDA:351,24,1,0
BRDA:429,25,0,0
BRDA:429,25,1,0
BRDA:432,26,0,0
BRDA:432,26,1,0
BRDA:433,27,0,0
BRDA:433,27,1,0
BRDA:434,28,0,0
BRDA:434,28,1,0
BRDA:435,29,0,0
BRDA:435,29,1,0
BRDA:468,30,0,0
BRDA:468,30,1,0
BRDA:472,31,0,0
BRDA:472,31,1,0
BRDA:473,32,0,0
BRDA:473,32,1,0
BRDA:474,33,0,0
BRDA:474,33,1,0
BRDA:475,34,0,0
BRDA:475,34,1,0
BRDA:485,35,0,0
BRDA:533,36,0,0
BRDA:533,36,1,0
BRDA:534,37,0,0
BRDA:534,37,1,0
BRDA:558,38,0,0
BRDA:558,38,1,0
BRDA:559,39,0,0
BRDA:559,39,1,0
BRDA:560,40,0,0
BRDA:560,40,1,0
BRDA:561,41,0,0
BRDA:561,41,1,0
BRDA:562,42,0,0
BRDA:562,42,1,0
BRDA:573,43,0,0
BRDA:585,44,0,0
BRDA:585,44,1,0
BRDA:590,45,0,0
BRDA:590,45,1,0
BRDA:595,46,0,0
BRDA:595,46,1,0
BRDA:595,47,0,0
BRDA:595,47,1,0
BRDA:600,48,0,0
BRDA:600,48,1,0
BRDA:609,49,0,0
BRDA:609,49,1,0
BRDA:609,50,0,0
BRDA:609,50,1,0
BRDA:623,51,0,0
BRDA:637,52,0,0
BRDA:637,52,1,0
BRDA:642,53,0,0
BRDA:642,53,1,0
BRDA:642,54,0,0
BRDA:642,54,1,0
BRDA:647,55,0,0
BRDA:647,55,1,0
BRDA:655,56,0,0
BRDA:655,56,1,0
BRDA:669,57,0,0
BRDA:683,58,0,0
BRDA:683,58,1,0
BRDA:688,59,0,0
BRDA:688,59,1,0
BRDA:688,60,0,0
BRDA:688,60,1,0
BRDA:693,61,0,0
BRDA:693,61,1,0
BRDA:701,62,0,0
BRDA:701,62,1,0
BRDA:715,63,0,0
BRDA:726,64,0,0
BRDA:726,64,1,0
BRDA:731,65,0,0
BRDA:731,65,1,0
BRDA:731,66,0,0
BRDA:731,66,1,0
BRDA:736,67,0,0
BRDA:736,67,1,0
BRDA:752,68,0,0
BRDA:763,69,0,0
BRDA:763,69,1,0
BRDA:768,70,0,0
BRDA:768,70,1,0
BRDA:770,71,0,0
BRDA:770,71,1,0
BRDA:775,72,0,0
BRDA:775,72,1,0
BRDA:789,73,0,0
BRDA:803,74,0,0
BRDA:803,74,1,0
BRDA:808,75,0,0
BRDA:808,75,1,0
BRDA:808,76,0,0
BRDA:808,76,1,0
BRDA:813,77,0,0
BRDA:813,77,1,0
BRDA:829,78,0,0
BRDA:840,79,0,0
BRDA:840,79,1,0
BRDA:845,80,0,0
BRDA:845,80,1,0
BRDA:847,81,0,0
BRDA:847,81,1,0
BRDA:850,82,0,0
BRDA:850,82,1,0
BRDA:850,83,0,0
BRDA:850,83,1,0
BRDA:857,84,0,0
BRDA:857,84,1,0
BRDA:882,85,0,0
BRDA:882,85,1,0
BRDA:885,86,0,0
BRDA:885,86,1,0
BRDA:893,87,0,0
BRDA:928,88,0,0
BRDA:928,88,1,0
BRDA:933,89,0,0
BRDA:933,89,1,0
BRDA:946,90,0,0
BRDA:946,90,1,0
BRF:164
BRH:0
end_of_record
TN:
SF:src/services/crm-service.js
FN:12,(anonymous_0)
FN:37,(anonymous_1)
FN:90,(anonymous_2)
FN:102,(anonymous_3)
FN:105,(anonymous_4)
FN:112,(anonymous_5)
FN:116,(anonymous_6)
FN:120,(anonymous_7)
FN:124,(anonymous_8)
FN:128,(anonymous_9)
FN:132,(anonymous_10)
FN:147,(anonymous_11)
FN:163,(anonymous_12)
FN:170,(anonymous_13)
FN:177,(anonymous_14)
FN:178,(anonymous_15)
FN:203,(anonymous_16)
FN:209,(anonymous_17)
FN:225,(anonymous_18)
FN:229,(anonymous_19)
FN:232,(anonymous_20)
FN:237,(anonymous_21)
FN:251,(anonymous_22)
FN:265,(anonymous_23)
FN:300,(anonymous_24)
FN:304,(anonymous_25)
FNF:26
FNH:0
FNDA:0,(anonymous_0)
FNDA:0,(anonymous_1)
FNDA:0,(anonymous_2)
FNDA:0,(anonymous_3)
FNDA:0,(anonymous_4)
FNDA:0,(anonymous_5)
FNDA:0,(anonymous_6)
FNDA:0,(anonymous_7)
FNDA:0,(anonymous_8)
FNDA:0,(anonymous_9)
FNDA:0,(anonymous_10)
FNDA:0,(anonymous_11)
FNDA:0,(anonymous_12)
FNDA:0,(anonymous_13)
FNDA:0,(anonymous_14)
FNDA:0,(anonymous_15)
FNDA:0,(anonymous_16)
FNDA:0,(anonymous_17)
FNDA:0,(anonymous_18)
FNDA:0,(anonymous_19)
FNDA:0,(anonymous_20)
FNDA:0,(anonymous_21)
FNDA:0,(anonymous_22)
FNDA:0,(anonymous_23)
FNDA:0,(anonymous_24)
FNDA:0,(anonymous_25)
DA:8,0
DA:9,0
DA:14,0
DA:19,0
DA:20,0
DA:21,0
DA:25,0
DA:26,0
DA:29,0
DA:38,0
DA:54,0
DA:57,0
DA:75,0
DA:76,0
DA:78,0
DA:80,0
DA:81,0
DA:91,0
DA:98,0
DA:101,0
DA:102,0
DA:105,0
DA:106,0
DA:107,0
DA:109,0
DA:110,0
DA:112,0
DA:115,0
DA:116,0
DA:119,0
DA:120,0
DA:123,0
DA:124,0
DA:127,0
DA:128,0
DA:132,0
DA:135,0
DA:137,0
DA:138,0
DA:148,0
DA:149,0
DA:151,0
DA:152,0
DA:162,0
DA:163,0
DA:164,0
DA:165,0
DA:169,0
DA:170,0
DA:171,0
DA:172,0
DA:177,0
DA:178,0
DA:180,0
DA:192,0
DA:193,0
DA:204,0
DA:205,0
DA:208,0
DA:209,0
DA:210,0
DA:211,0
DA:212,0
DA:219,0
DA:220,0
DA:221,0
DA:225,0
DA:229,0
DA:232,0
DA:237,0
DA:238,0
DA:240,0
DA:241,0
DA:252,0
DA:253,0
DA:255,0
DA:256,0
DA:266,0
DA:267,0
DA:270,0
DA:273,0
DA:274,0
DA:286,0
DA:289,0
DA:291,0
DA:292,0
DA:301,0
DA:302,0
DA:303,0
DA:304,0
DA:306,0
DA:314,0
DA:315,0
DA:320,0
LF:94
LH:0
BRDA:12,0,0,0
BRDA:14,1,0,0
BRDA:14,1,1,0
BRDA:14,1,2,0
BRDA:20,2,0,0
BRDA:20,2,1,0
BRDA:25,3,0,0
BRDA:25,3,1,0
BRDA:58,4,0,0
BRDA:58,4,1,0
BRDA:60,5,0,0
BRDA:60,5,1,0
BRDA:61,6,0,0
BRDA:61,6,1,0
BRDA:62,7,0,0
BRDA:62,7,1,0
BRDA:63,8,0,0
BRDA:63,8,1,0
BRDA:64,9,0,0
BRDA:64,9,1,0
BRDA:65,10,0,0
BRDA:65,10,1,0
BRDA:66,11,0,0
BRDA:66,11,1,0
BRDA:67,12,0,0
BRDA:67,12,1,0
BRDA:68,13,0,0
BRDA:68,13,1,0
BRDA:69,14,0,0
BRDA:69,14,1,0
BRDA:70,15,0,0
BRDA:70,15,1,0
BRDA:71,16,0,0
BRDA:71,16,1,0
BRDA:90,17,0,0
BRDA:93,18,0,0
BRDA:94,19,0,0
BRDA:95,20,0,0
BRDA:96,21,0,0
BRDA:97,22,0,0
BRDA:115,23,0,0
BRDA:115,23,1,0
BRDA:119,24,0,0
BRDA:119,24,1,0
BRDA:123,25,0,0
BRDA:123,25,1,0
BRDA:127,26,0,0
BRDA:127,26,1,0
BRDA:147,27,0,0
BRDA:151,28,0,0
BRDA:151,28,1,0
BRDA:164,29,0,0
BRDA:164,29,1,0
BRDA:165,30,0,0
BRDA:165,30,1,0
BRDA:171,31,0,0
BRDA:171,31,1,0
BRDA:172,32,0,0
BRDA:172,32,1,0
BRDA:177,33,0,0
BRDA:177,33,1,0
BRDA:178,34,0,0
BRDA:178,34,1,0
BRDA:203,35,0,0
BRDA:211,36,0,0
BRDA:211,36,1,0
BRDA:220,37,0,0
BRDA:220,37,1,0
BRDA:221,38,0,0
BRDA:221,38,1,0
BRDA:228,39,0,0
BRDA:228,39,1,0
BRDA:231,40,0,0
BRDA:231,40,1,0
BRDA:251,41,0,0
BRDA:265,42,0,0
BRDA:276,43,0,0
BRDA:276,43,1,0
BRDA:277,44,0,0
BRDA:277,44,1,0
BRDA:278,45,0,0
BRDA:278,45,1,0
BRDA:279,46,0,0
BRDA:279,46,1,0
BRDA:280,47,0,0
BRDA:280,47,1,0
BRDA:281,48,0,0
BRDA:281,48,1,0
BRDA:282,49,0,0
BRDA:282,49,1,0
BRDA:283,50,0,0
BRDA:283,50,1,0
BRDA:284,51,0,0
BRDA:284,51,1,0
BRF:94
BRH:0
end_of_record
TN:
SF:src/services/event-tracker.js
FN:10,(anonymous_0)
FN:26,(anonymous_1)
FNF:2
FNH:0
FNDA:0,(anonymous_0)
FNDA:0,(anonymous_1)
DA:6,0
DA:7,0
DA:11,0
DA:16,0
DA:17,0
DA:18,0
DA:21,0
DA:22,0
DA:34,0
DA:36,0
DA:37,0
DA:40,0
DA:50,0
DA:51,0
DA:55,0
LF:15
LH:0
BRDA:10,0,0,0
BRDA:12,1,0,0
BRDA:12,1,1,0
BRDA:12,1,2,0
BRDA:17,2,0,0
BRDA:17,2,1,0
BRDA:21,3,0,0
BRDA:21,3,1,0
BRDA:29,4,0,0
BRDA:30,5,0,0
BRDA:31,6,0,0
BRDA:32,7,0,0
BRDA:33,8,0,0
BRDA:36,9,0,0
BRDA:36,9,1,0
BRF:15
BRH:0
end_of_record
TN:
SF:src/services/faq-service.js
FN:15,normalizeString
FN:19,cloneTranslations
FN:20,(anonymous_2)
FN:26,determineTranslationStatus
FN:77,normalizeFAQStructure
FN:158,(anonymous_5)
FN:203,(anonymous_6)
FN:225,(anonymous_7)
FN:237,(anonymous_8)
FN:281,(anonymous_9)
FN:303,(anonymous_10)
FN:332,(anonymous_11)
FN:348,(anonymous_12)
FN:366,(anonymous_13)
FN:368,(anonymous_14)
FN:378,(anonymous_15)
FN:391,(anonymous_16)
FN:392,(anonymous_17)
FN:400,(anonymous_18)
FN:405,(anonymous_19)
FN:410,(anonymous_20)
FN:414,(anonymous_21)
FN:436,(anonymous_22)
FN:472,(anonymous_23)
FN:474,(anonymous_24)
FN:482,(anonymous_25)
FN:538,(anonymous_26)
FN:553,(anonymous_27)
FN:564,(anonymous_28)
FN:575,(anonymous_29)
FN:594,(anonymous_30)
FN:615,(anonymous_31)
FN:652,(anonymous_32)
FN:656,(anonymous_33)
FN:698,(anonymous_34)
FN:702,(anonymous_35)
FN:724,(anonymous_36)
FN:728,(anonymous_37)
FN:756,(anonymous_38)
FNF:39
FNH:0
FNDA:0,normalizeString
FNDA:0,cloneTranslations
FNDA:0,(anonymous_2)
FNDA:0,determineTranslationStatus
FNDA:0,normalizeFAQStructure
FNDA:0,(anonymous_5)
FNDA:0,(anonymous_6)
FNDA:0,(anonymous_7)
FNDA:0,(anonymous_8)
FNDA:0,(anonymous_9)
FNDA:0,(anonymous_10)
FNDA:0,(anonymous_11)
FNDA:0,(anonymous_12)
FNDA:0,(anonymous_13)
FNDA:0,(anonymous_14)
FNDA:0,(anonymous_15)
FNDA:0,(anonymous_16)
FNDA:0,(anonymous_17)
FNDA:0,(anonymous_18)
FNDA:0,(anonymous_19)
FNDA:0,(anonymous_20)
FNDA:0,(anonymous_21)
FNDA:0,(anonymous_22)
FNDA:0,(anonymous_23)
FNDA:0,(anonymous_24)
FNDA:0,(anonymous_25)
FNDA:0,(anonymous_26)
FNDA:0,(anonymous_27)
FNDA:0,(anonymous_28)
FNDA:0,(anonymous_29)
FNDA:0,(anonymous_30)
FNDA:0,(anonymous_31)
FNDA:0,(anonymous_32)
FNDA:0,(anonymous_33)
FNDA:0,(anonymous_34)
FNDA:0,(anonymous_35)
FNDA:0,(anonymous_36)
FNDA:0,(anonymous_37)
FNDA:0,(anonymous_38)
DA:8,0
DA:9,0
DA:10,0
DA:12,0
DA:13,0
DA:16,0
DA:20,0
DA:21,0
DA:22,0
DA:35,0
DA:36,0
DA:43,0
DA:44,0
DA:51,0
DA:52,0
DA:59,0
DA:60,0
DA:61,0
DA:70,0
DA:78,0
DA:79,0
DA:81,0
DA:82,0
DA:86,0
DA:88,0
DA:92,0
DA:93,0
DA:94,0
DA:97,0
DA:98,0
DA:100,0
DA:101,0
DA:103,0
DA:104,0
DA:108,0
DA:113,0
DA:117,0
DA:121,0
DA:125,0
DA:130,0
DA:135,0
DA:136,0
DA:141,0
DA:142,0
DA:143,0
DA:146,0
DA:147,0
DA:151,0
DA:152,0
DA:158,0
DA:160,0
DA:161,0
DA:163,0
DA:164,0
DA:166,0
DA:167,0
DA:169,0
DA:170,0
DA:173,0
DA:174,0
DA:175,0
DA:184,0
DA:195,0
DA:207,0
DA:209,0
DA:210,0
DA:211,0
DA:214,0
DA:215,0
DA:216,0
DA:219,0
DA:226,0
DA:227,0
DA:229,0
DA:239,0
DA:240,0
DA:243,0
DA:244,0
DA:245,0
DA:246,0
DA:249,0
DA:250,0
DA:253,0
DA:254,0
DA:257,0
DA:258,0
DA:259,0
DA:260,0
DA:261,0
DA:262,0
DA:264,0
DA:265,0
DA:268,0
DA:269,0
DA:271,0
DA:272,0
DA:282,0
DA:284,0
DA:285,0
DA:288,0
DA:289,0
DA:291,0
DA:292,0
DA:294,0
DA:295,0
DA:304,0
DA:305,0
DA:306,0
DA:307,0
DA:309,0
DA:317,0
DA:318,0
DA:320,0
DA:322,0
DA:324,0
DA:333,0
DA:334,0
DA:335,0
DA:336,0
DA:337,0
DA:338,0
DA:340,0
DA:341,0
DA:358,0
DA:360,0
DA:361,0
DA:364,0
DA:365,0
DA:366,0
DA:367,0
DA:368,0
DA:369,0
DA:373,0
DA:378,0
DA:380,0
DA:381,0
DA:382,0
DA:384,0
DA:385,0
DA:388,0
DA:390,0
DA:391,0
DA:392,0
DA:399,0
DA:400,0
DA:404,0
DA:405,0
DA:409,0
DA:410,0
DA:414,0
DA:415,0
DA:416,0
DA:419,0
DA:420,0
DA:423,0
DA:424,0
DA:426,0
DA:431,0
DA:432,0
DA:433,0
DA:436,0
DA:450,0
DA:473,0
DA:474,0
DA:475,0
DA:483,0
DA:486,0
DA:487,0
DA:490,0
DA:491,0
DA:492,0
DA:500,0
DA:501,0
DA:504,0
DA:508,0
DA:509,0
DA:517,0
DA:518,0
DA:519,0
DA:520,0
DA:523,0
DA:524,0
DA:525,0
DA:526,0
DA:529,0
DA:530,0
DA:531,0
DA:532,0
DA:535,0
DA:536,0
DA:537,0
DA:538,0
DA:539,0
DA:540,0
DA:541,0
DA:547,0
DA:548,0
DA:550,0
DA:551,0
DA:552,0
DA:553,0
DA:554,0
DA:555,0
DA:556,0
DA:561,0
DA:562,0
DA:563,0
DA:564,0
DA:565,0
DA:566,0
DA:567,0
DA:572,0
DA:573,0
DA:574,0
DA:575,0
DA:576,0
DA:577,0
DA:578,0
DA:585,0
DA:586,0
DA:590,0
DA:591,0
DA:592,0
DA:594,0
DA:595,0
DA:596,0
DA:605,0
DA:606,0
DA:609,0
DA:616,0
DA:619,0
DA:620,0
DA:621,0
DA:627,0
DA:628,0
DA:629,0
DA:630,0
DA:634,0
DA:637,0
DA:640,0
DA:642,0
DA:653,0
DA:656,0
DA:657,0
DA:658,0
DA:661,0
DA:664,0
DA:666,0
DA:667,0
DA:674,0
DA:675,0
DA:676,0
DA:679,0
DA:682,0
DA:685,0
DA:687,0
DA:699,0
DA:702,0
DA:703,0
DA:704,0
DA:708,0
DA:709,0
DA:712,0
DA:714,0
DA:725,0
DA:728,0
DA:729,0
DA:730,0
DA:734,0
DA:737,0
DA:740,0
DA:743,0
DA:745,0
DA:757,0
DA:758,0
DA:759,0
DA:761,0
DA:762,0
DA:765,0
DA:767,0
DA:768,0
DA:769,0
DA:770,0
DA:773,0
DA:774,0
DA:775,0
DA:776,0
DA:779,0
DA:780,0
DA:781,0
DA:782,0
DA:785,0
DA:786,0
DA:789,0
DA:795,0
DA:799,0
DA:809,0
LF:297
LH:0
BRDA:16,0,0,0
BRDA:16,0,1,0
BRDA:19,1,0,0
BRDA:21,2,0,0
BRDA:21,2,1,0
BRDA:35,3,0,0
BRDA:35,3,1,0
BRDA:37,4,0,0
BRDA:37,4,1,0
BRDA:43,5,0,0
BRDA:43,5,1,0
BRDA:43,6,0,0
BRDA:43,6,1,0
BRDA:46,7,0,0
BRDA:46,7,1,0
BRDA:47,8,0,0
BRDA:47,8,1,0
BRDA:51,9,0,0
BRDA:51,9,1,0
BRDA:59,10,0,0
BRDA:59,10,1,0
BRDA:60,11,0,0
BRDA:60,11,1,0
BRDA:63,12,0,0
BRDA:63,12,1,0
BRDA:64,13,0,0
BRDA:64,13,1,0
BRDA:65,14,0,0
BRDA:65,14,1,0
BRDA:66,15,0,0
BRDA:66,15,1,0
BRDA:77,16,0,0
BRDA:83,17,0,0
BRDA:83,17,1,0
BRDA:84,18,0,0
BRDA:84,18,1,0
BRDA:89,19,0,0
BRDA:89,19,1,0
BRDA:90,20,0,0
BRDA:90,20,1,0
BRDA:93,21,0,0
BRDA:93,21,1,0
BRDA:97,22,0,0
BRDA:97,22,1,0
BRDA:100,23,0,0
BRDA:100,23,1,0
BRDA:103,24,0,0
BRDA:103,24,1,0
BRDA:109,25,0,0
BRDA:109,25,1,0
BRDA:110,26,0,0
BRDA:110,26,1,0
BRDA:114,27,0,0
BRDA:114,27,1,0
BRDA:115,28,0,0
BRDA:115,28,1,0
BRDA:118,29,0,0
BRDA:118,29,1,0
BRDA:119,30,0,0
BRDA:119,30,1,0
BRDA:122,31,0,0
BRDA:122,31,1,0
BRDA:123,32,0,0
BRDA:123,32,1,0
BRDA:126,33,0,0
BRDA:126,33,1,0
BRDA:127,34,0,0
BRDA:127,34,1,0
BRDA:131,35,0,0
BRDA:131,35,1,0
BRDA:135,36,0,0
BRDA:135,36,1,0
BRDA:136,37,0,0
BRDA:136,37,1,0
BRDA:136,37,2,0
BRDA:136,37,3,0
BRDA:141,38,0,0
BRDA:141,38,1,0
BRDA:142,39,0,0
BRDA:142,39,1,0
BRDA:142,40,0,0
BRDA:142,40,1,0
BRDA:147,41,0,0
BRDA:147,41,1,0
BRDA:149,42,0,0
BRDA:149,42,1,0
BRDA:151,43,0,0
BRDA:151,43,1,0
BRDA:151,43,2,0
BRDA:173,44,0,0
BRDA:173,44,1,0
BRDA:173,44,2,0
BRDA:173,44,3,0
BRDA:175,45,0,0
BRDA:175,45,1,0
BRDA:178,46,0,0
BRDA:178,46,1,0
BRDA:178,46,2,0
BRDA:178,46,3,0
BRDA:207,47,0,0
BRDA:207,47,1,0
BRDA:239,48,0,0
BRDA:239,48,1,0
BRDA:239,49,0,0
BRDA:239,49,1,0
BRDA:239,49,2,0
BRDA:249,50,0,0
BRDA:249,50,1,0
BRDA:249,51,0,0
BRDA:249,51,1,0
BRDA:264,52,0,0
BRDA:264,52,1,0
BRDA:264,53,0,0
BRDA:264,53,1,0
BRDA:348,54,0,0
BRDA:350,55,0,0
BRDA:351,56,0,0
BRDA:352,57,0,0
BRDA:353,58,0,0
BRDA:354,59,0,0
BRDA:355,60,0,0
BRDA:356,61,0,0
BRDA:357,62,0,0
BRDA:364,63,0,0
BRDA:364,63,1,0
BRDA:364,64,0,0
BRDA:364,64,1,0
BRDA:391,65,0,0
BRDA:391,65,1,0
BRDA:391,65,2,0
BRDA:391,66,0,0
BRDA:391,66,1,0
BRDA:392,67,0,0
BRDA:392,67,1,0
BRDA:399,68,0,0
BRDA:399,68,1,0
BRDA:399,69,0,0
BRDA:399,69,1,0
BRDA:399,69,2,0
BRDA:404,70,0,0
BRDA:404,70,1,0
BRDA:409,71,0,0
BRDA:409,71,1,0
BRDA:419,72,0,0
BRDA:419,72,1,0
BRDA:420,73,0,0
BRDA:420,73,1,0
BRDA:423,74,0,0
BRDA:423,74,1,0
BRDA:424,75,0,0
BRDA:424,75,1,0
BRDA:426,76,0,0
BRDA:426,76,1,0
BRDA:439,77,0,0
BRDA:439,77,1,0
BRDA:442,78,0,0
BRDA:442,78,1,0
BRDA:444,79,0,0
BRDA:444,79,1,0
BRDA:445,80,0,0
BRDA:445,80,1,0
BRDA:446,81,0,0
BRDA:446,81,1,0
BRDA:447,82,0,0
BRDA:447,82,1,0
BRDA:475,83,0,0
BRDA:475,83,1,0
BRDA:486,84,0,0
BRDA:486,84,1,0
BRDA:491,85,0,0
BRDA:491,85,1,0
BRDA:500,86,0,0
BRDA:500,86,1,0
BRDA:508,87,0,0
BRDA:508,87,1,0
BRDA:517,88,0,0
BRDA:517,88,1,0
BRDA:519,89,0,0
BRDA:519,89,1,0
BRDA:519,90,0,0
BRDA:519,90,1,0
BRDA:523,91,0,0
BRDA:523,91,1,0
BRDA:525,92,0,0
BRDA:525,92,1,0
BRDA:525,93,0,0
BRDA:525,93,1,0
BRDA:529,94,0,0
BRDA:529,94,1,0
BRDA:529,95,0,0
BRDA:529,95,1,0
BRDA:531,96,0,0
BRDA:531,96,1,0
BRDA:531,97,0,0
BRDA:531,97,1,0
BRDA:535,98,0,0
BRDA:535,98,1,0
BRDA:535,99,0,0
BRDA:535,99,1,0
BRDA:537,100,0,0
BRDA:537,100,1,0
BRDA:540,101,0,0
BRDA:540,101,1,0
BRDA:540,102,0,0
BRDA:540,102,1,0
BRDA:547,103,0,0
BRDA:547,103,1,0
BRDA:550,104,0,0
BRDA:550,104,1,0
BRDA:550,105,0,0
BRDA:550,105,1,0
BRDA:552,106,0,0
BRDA:552,106,1,0
BRDA:555,107,0,0
BRDA:555,107,1,0
BRDA:555,108,0,0
BRDA:555,108,1,0
BRDA:561,109,0,0
BRDA:561,109,1,0
BRDA:561,110,0,0
BRDA:561,110,1,0
BRDA:563,111,0,0
BRDA:563,111,1,0
BRDA:566,112,0,0
BRDA:566,112,1,0
BRDA:566,113,0,0
BRDA:566,113,1,0
BRDA:572,114,0,0
BRDA:572,114,1,0
BRDA:572,115,0,0
BRDA:572,115,1,0
BRDA:574,116,0,0
BRDA:574,116,1,0
BRDA:577,117,0,0
BRDA:577,117,1,0
BRDA:577,118,0,0
BRDA:577,118,1,0
BRDA:585,119,0,0
BRDA:585,119,1,0
BRDA:585,120,0,0
BRDA:585,120,1,0
BRDA:590,121,0,0
BRDA:590,121,1,0
BRDA:590,122,0,0
BRDA:590,122,1,0
BRDA:591,123,0,0
BRDA:591,123,1,0
BRDA:595,124,0,0
BRDA:595,124,1,0
BRDA:595,125,0,0
BRDA:595,125,1,0
BRDA:605,126,0,0
BRDA:605,126,1,0
BRDA:628,127,0,0
BRDA:628,127,1,0
BRDA:657,128,0,0
BRDA:657,128,1,0
BRDA:674,129,0,0
BRDA:674,129,1,0
BRDA:703,130,0,0
BRDA:703,130,1,0
BRDA:729,131,0,0
BRDA:729,131,1,0
BRDA:765,132,0,0
BRDA:765,132,1,0
BRDA:765,132,2,0
BRDA:765,132,3,0
BRDA:792,133,0,0
BRDA:792,133,1,0
BRF:269
BRH:0
end_of_record
TN:
SF:src/services/intent-detector.js
FN:29,(anonymous_0)
FN:38,(anonymous_1)
FN:134,(anonymous_2)
FN:162,(anonymous_3)
FN:173,(anonymous_4)
FN:193,(anonymous_5)
FN:207,(anonymous_6)
FN:208,(anonymous_7)
FN:209,(anonymous_8)
FN:241,(anonymous_9)
FN:252,(anonymous_10)
FN:261,(anonymous_11)
FN:274,(anonymous_12)
FN:282,(anonymous_13)
FNF:14
FNH:0
FNDA:0,(anonymous_0)
FNDA:0,(anonymous_1)
FNDA:0,(anonymous_2)
FNDA:0,(anonymous_3)
FNDA:0,(anonymous_4)
FNDA:0,(anonymous_5)
FNDA:0,(anonymous_6)
FNDA:0,(anonymous_7)
FNDA:0,(anonymous_8)
FNDA:0,(anonymous_9)
FNDA:0,(anonymous_10)
FNDA:0,(anonymous_11)
FNDA:0,(anonymous_12)
FNDA:0,(anonymous_13)
DA:25,0
DA:26,0
DA:30,0
DA:31,0
DA:32,0
DA:39,0
DA:41,0
DA:110,0
DA:111,0
DA:112,0
DA:113,0
DA:116,0
DA:117,0
DA:119,0
DA:120,0
DA:135,0
DA:136,0
DA:139,0
DA:140,0
DA:152,0
DA:154,0
DA:155,0
DA:158,0
DA:159,0
DA:162,0
DA:163,0
DA:166,0
DA:168,0
DA:172,0
DA:173,0
DA:174,0
DA:177,0
DA:179,0
DA:184,0
DA:192,0
DA:193,0
DA:194,0
DA:195,0
DA:200,0
DA:202,0
DA:206,0
DA:207,0
DA:208,0
DA:209,0
DA:215,0
DA:219,0
DA:223,0
DA:242,0
DA:243,0
DA:253,0
DA:262,0
DA:275,0
DA:276,0
DA:278,0
DA:279,0
DA:282,0
DA:283,0
DA:285,0
DA:288,0
DA:289,0
DA:292,0
DA:293,0
DA:296,0
DA:301,0
LF:64
LH:0
BRDA:111,0,0,0
BRDA:111,0,1,0
BRDA:113,1,0,0
BRDA:113,1,1,0
BRDA:134,2,0,0
BRDA:135,3,0,0
BRDA:135,3,1,0
BRDA:139,4,0,0
BRDA:139,4,1,0
BRDA:139,5,0,0
BRDA:139,5,1,0
BRDA:149,6,0,0
BRDA:150,7,0,0
BRDA:151,8,0,0
BRDA:166,9,0,0
BRDA:166,9,1,0
BRDA:172,10,0,0
BRDA:172,10,1,0
BRDA:174,11,0,0
BRDA:174,11,1,0
BRDA:177,12,0,0
BRDA:177,12,1,0
BRDA:192,13,0,0
BRDA:192,13,1,0
BRDA:194,14,0,0
BRDA:194,14,1,0
BRDA:215,15,0,0
BRDA:215,15,1,0
BRDA:219,16,0,0
BRDA:219,16,1,0
BRDA:241,17,0,0
BRDA:253,18,0,0
BRDA:253,18,1,0
BRDA:274,19,0,0
BRDA:276,20,0,0
BRDA:276,20,1,0
BRDA:288,21,0,0
BRDA:288,21,1,0
BRDA:292,22,0,0
BRDA:292,22,1,0
BRDA:292,23,0,0
BRDA:292,23,1,0
BRF:42
BRH:0
end_of_record
TN:
SF:src/services/resort-service.js
FN:13,(anonymous_0)
FN:28,(anonymous_1)
FN:71,(anonymous_2)
FN:91,(anonymous_3)
FN:107,(anonymous_4)
FN:125,(anonymous_5)
FN:137,(anonymous_6)
FN:142,(anonymous_7)
FN:147,(anonymous_8)
FN:151,(anonymous_9)
FN:185,(anonymous_10)
FN:222,(anonymous_11)
FN:224,(anonymous_12)
FN:231,(anonymous_13)
FN:271,(anonymous_14)
FN:275,(anonymous_15)
FN:311,(anonymous_16)
FN:319,(anonymous_17)
FN:323,(anonymous_18)
FN:335,(anonymous_19)
FN:339,(anonymous_20)
FNF:21
FNH:0
FNDA:0,(anonymous_0)
FNDA:0,(anonymous_1)
FNDA:0,(anonymous_2)
FNDA:0,(anonymous_3)
FNDA:0,(anonymous_4)
FNDA:0,(anonymous_5)
FNDA:0,(anonymous_6)
FNDA:0,(anonymous_7)
FNDA:0,(anonymous_8)
FNDA:0,(anonymous_9)
FNDA:0,(anonymous_10)
FNDA:0,(anonymous_11)
FNDA:0,(anonymous_12)
FNDA:0,(anonymous_13)
FNDA:0,(anonymous_14)
FNDA:0,(anonymous_15)
FNDA:0,(anonymous_16)
FNDA:0,(anonymous_17)
FNDA:0,(anonymous_18)
FNDA:0,(anonymous_19)
FNDA:0,(anonymous_20)
DA:8,0
DA:9,0
DA:10,0
DA:14,0
DA:15,0
DA:16,0
DA:17,0
DA:20,0
DA:21,0
DA:22,0
DA:30,0
DA:31,0
DA:34,0
DA:35,0
DA:36,0
DA:37,0
DA:40,0
DA:41,0
DA:44,0
DA:45,0
DA:48,0
DA:49,0
DA:50,0
DA:51,0
DA:52,0
DA:53,0
DA:55,0
DA:56,0
DA:59,0
DA:60,0
DA:62,0
DA:63,0
DA:72,0
DA:73,0
DA:74,0
DA:77,0
DA:78,0
DA:80,0
DA:81,0
DA:83,0
DA:84,0
DA:92,0
DA:93,0
DA:94,0
DA:95,0
DA:96,0
DA:97,0
DA:99,0
DA:100,0
DA:117,0
DA:119,0
DA:120,0
DA:123,0
DA:124,0
DA:125,0
DA:126,0
DA:129,0
DA:130,0
DA:131,0
DA:136,0
DA:137,0
DA:141,0
DA:142,0
DA:146,0
DA:147,0
DA:151,0
DA:154,0
DA:156,0
DA:157,0
DA:158,0
DA:160,0
DA:161,0
DA:162,0
DA:164,0
DA:165,0
DA:166,0
DA:168,0
DA:169,0
DA:172,0
DA:173,0
DA:175,0
DA:180,0
DA:181,0
DA:182,0
DA:185,0
DA:200,0
DA:223,0
DA:224,0
DA:225,0
DA:232,0
DA:235,0
DA:236,0
DA:239,0
DA:240,0
DA:243,0
DA:244,0
DA:248,0
DA:249,0
DA:252,0
DA:254,0
DA:257,0
DA:261,0
DA:262,0
DA:265,0
DA:272,0
DA:275,0
DA:276,0
DA:277,0
DA:281,0
DA:290,0
DA:293,0
DA:296,0
DA:299,0
DA:301,0
DA:312,0
DA:313,0
DA:320,0
DA:321,0
DA:323,0
DA:324,0
DA:325,0
DA:329,0
DA:336,0
DA:337,0
DA:339,0
DA:340,0
DA:341,0
DA:345,0
DA:349,0
LF:129
LH:0
BRDA:14,0,0,0
BRDA:14,0,1,0
BRDA:30,1,0,0
BRDA:30,1,1,0
BRDA:30,2,0,0
BRDA:30,2,1,0
BRDA:30,2,2,0
BRDA:40,3,0,0
BRDA:40,3,1,0
BRDA:40,4,0,0
BRDA:40,4,1,0
BRDA:55,5,0,0
BRDA:55,5,1,0
BRDA:55,6,0,0
BRDA:55,6,1,0
BRDA:107,7,0,0
BRDA:109,8,0,0
BRDA:110,9,0,0
BRDA:111,10,0,0
BRDA:112,11,0,0
BRDA:113,12,0,0
BRDA:114,13,0,0
BRDA:115,14,0,0
BRDA:116,15,0,0
BRDA:123,16,0,0
BRDA:123,16,1,0
BRDA:123,17,0,0
BRDA:123,17,1,0
BRDA:126,18,0,0
BRDA:126,18,1,0
BRDA:126,18,2,0
BRDA:131,19,0,0
BRDA:131,19,1,0
BRDA:131,19,2,0
BRDA:136,20,0,0
BRDA:136,20,1,0
BRDA:136,21,0,0
BRDA:136,21,1,0
BRDA:136,21,2,0
BRDA:141,22,0,0
BRDA:141,22,1,0
BRDA:146,23,0,0
BRDA:146,23,1,0
BRDA:154,24,0,0
BRDA:154,24,1,0
BRDA:154,24,2,0
BRDA:154,24,3,0
BRDA:156,25,0,0
BRDA:156,25,1,0
BRDA:157,26,0,0
BRDA:157,26,1,0
BRDA:160,27,0,0
BRDA:160,27,1,0
BRDA:161,28,0,0
BRDA:161,28,1,0
BRDA:164,29,0,0
BRDA:164,29,1,0
BRDA:165,30,0,0
BRDA:165,30,1,0
BRDA:168,31,0,0
BRDA:168,31,1,0
BRDA:169,32,0,0
BRDA:169,32,1,0
BRDA:172,33,0,0
BRDA:172,33,1,0
BRDA:173,34,0,0
BRDA:173,34,1,0
BRDA:175,35,0,0
BRDA:175,35,1,0
BRDA:225,36,0,0
BRDA:225,36,1,0
BRDA:235,37,0,0
BRDA:235,37,1,0
BRDA:239,38,0,0
BRDA:239,38,1,0
BRDA:239,39,0,0
BRDA:239,39,1,0
BRDA:243,40,0,0
BRDA:243,40,1,0
BRDA:248,41,0,0
BRDA:248,41,1,0
BRDA:249,42,0,0
BRDA:249,42,1,0
BRDA:249,43,0,0
BRDA:249,43,1,0
BRDA:249,43,2,0
BRDA:254,44,0,0
BRDA:254,44,1,0
BRDA:254,45,0,0
BRDA:254,45,1,0
BRDA:254,45,2,0
BRDA:261,46,0,0
BRDA:261,46,1,0
BRDA:276,47,0,0
BRDA:276,47,1,0
BRDA:324,48,0,0
BRDA:324,48,1,0
BRDA:340,49,0,0
BRDA:340,49,1,0
BRF:99
BRH:0
end_of_record
TN:
SF:src/services/slot-extractor.js
FN:13,(anonymous_0)
FN:22,(anonymous_1)
FN:115,(anonymous_2)
FN:155,(anonymous_3)
FN:179,(anonymous_4)
FN:222,(anonymous_5)
FN:251,(anonymous_6)
FN:271,(anonymous_7)
FN:301,(anonymous_8)
FN:340,(anonymous_9)
FN:350,(anonymous_10)
FN:360,(anonymous_11)
FNF:12
FNH:0
FNDA:0,(anonymous_0)
FNDA:0,(anonymous_1)
FNDA:0,(anonymous_2)
FNDA:0,(anonymous_3)
FNDA:0,(anonymous_4)
FNDA:0,(anonymous_5)
FNDA:0,(anonymous_6)
FNDA:0,(anonymous_7)
FNDA:0,(anonymous_8)
FNDA:0,(anonymous_9)
FNDA:0,(anonymous_10)
FNDA:0,(anonymous_11)
DA:14,0
DA:15,0
DA:16,0
DA:23,0
DA:25,0
DA:64,0
DA:101,0
DA:102,0
DA:104,0
DA:105,0
DA:116,0
DA:117,0
DA:120,0
DA:121,0
DA:124,0
DA:127,0
DA:128,0
DA:131,0
DA:132,0
DA:135,0
DA:136,0
DA:139,0
DA:140,0
DA:143,0
DA:144,0
DA:146,0
DA:156,0
DA:158,0
DA:159,0
DA:160,0
DA:161,0
DA:165,0
DA:166,0
DA:170,0
DA:181,0
DA:182,0
DA:183,0
DA:184,0
DA:188,0
DA:189,0
DA:190,0
DA:191,0
DA:195,0
DA:196,0
DA:197,0
DA:198,0
DA:199,0
DA:203,0
DA:204,0
DA:205,0
DA:208,0
DA:209,0
DA:210,0
DA:213,0
DA:224,0
DA:225,0
DA:226,0
DA:227,0
DA:231,0
DA:232,0
DA:233,0
DA:237,0
DA:238,0
DA:239,0
DA:242,0
DA:253,0
DA:254,0
DA:258,0
DA:259,0
DA:262,0
DA:272,0
DA:275,0
DA:277,0
DA:278,0
DA:281,0
DA:282,0
DA:284,0
DA:287,0
DA:288,0
DA:292,0
DA:302,0
DA:308,0
DA:309,0
DA:313,0
DA:314,0
DA:315,0
DA:319,0
DA:320,0
DA:321,0
DA:325,0
DA:326,0
DA:327,0
DA:328,0
DA:329,0
DA:332,0
DA:341,0
DA:351,0
DA:361,0
DA:363,0
DA:365,0
DA:366,0
DA:367,0
DA:368,0
DA:373,0
DA:374,0
DA:375,0
DA:379,0
DA:380,0
DA:381,0
DA:385,0
DA:386,0
DA:387,0
DA:388,0
DA:393,0
DA:401,0
LF:115
LH:0
BRDA:116,0,0,0
BRDA:116,0,1,0
BRDA:120,1,0,0
BRDA:120,1,1,0
BRDA:120,2,0,0
BRDA:120,2,1,0
BRDA:128,3,0,0
BRDA:128,3,1,0
BRDA:132,4,0,0
BRDA:132,4,1,0
BRDA:136,5,0,0
BRDA:136,5,1,0
BRDA:140,6,0,0
BRDA:140,6,1,0
BRDA:144,7,0,0
BRDA:144,7,1,0
BRDA:160,8,0,0
BRDA:160,8,1,0
BRDA:165,9,0,0
BRDA:165,9,1,0
BRDA:182,10,0,0
BRDA:182,10,1,0
BRDA:189,11,0,0
BRDA:189,11,1,0
BRDA:196,12,0,0
BRDA:196,12,1,0
BRDA:204,13,0,0
BRDA:204,13,1,0
BRDA:209,14,0,0
BRDA:209,14,1,0
BRDA:225,15,0,0
BRDA:225,15,1,0
BRDA:232,16,0,0
BRDA:232,16,1,0
BRDA:238,17,0,0
BRDA:238,17,1,0
BRDA:253,18,0,0
BRDA:253,18,1,0
BRDA:258,19,0,0
BRDA:258,19,1,0
BRDA:281,20,0,0
BRDA:281,20,1,0
BRDA:287,21,0,0
BRDA:287,21,1,0
BRDA:287,22,0,0
BRDA:287,22,1,0
BRDA:308,23,0,0
BRDA:308,23,1,0
BRDA:313,24,0,0
BRDA:313,24,1,0
BRDA:315,25,0,0
BRDA:315,25,1,0
BRDA:319,26,0,0
BRDA:319,26,1,0
BRDA:321,27,0,0
BRDA:321,27,1,0
BRDA:326,28,0,0
BRDA:326,28,1,0
BRDA:328,29,0,0
BRDA:328,29,1,0
BRDA:351,30,0,0
BRDA:351,30,1,0
BRDA:363,31,0,0
BRDA:363,31,1,0
BRDA:365,32,0,0
BRDA:365,32,1,0
BRDA:367,33,0,0
BRDA:367,33,1,0
BRDA:373,34,0,0
BRDA:373,34,1,0
BRDA:374,35,0,0
BRDA:374,35,1,0
BRDA:374,36,0,0
BRDA:374,36,1,0
BRDA:379,37,0,0
BRDA:379,37,1,0
BRDA:380,38,0,0
BRDA:380,38,1,0
BRDA:385,39,0,0
BRDA:385,39,1,0
BRDA:387,40,0,0
BRDA:387,40,1,0
BRDA:387,41,0,0
BRDA:387,41,1,0
BRF:84
BRH:0
end_of_record
TN:
SF:src/services/llm/base-provider.js
FN:9,(anonymous_0)
FN:19,(anonymous_1)
FN:34,(anonymous_2)
FN:46,(anonymous_3)
FN:56,(anonymous_4)
FN:67,(anonymous_5)
FN:76,(anonymous_6)
FN:93,(anonymous_7)
FN:106,(anonymous_8)
FNF:9
FNH:0
FNDA:0,(anonymous_0)
FNDA:0,(anonymous_1)
FNDA:0,(anonymous_2)
FNDA:0,(anonymous_3)
FNDA:0,(anonymous_4)
FNDA:0,(anonymous_5)
FNDA:0,(anonymous_6)
FNDA:0,(anonymous_7)
FNDA:0,(anonymous_8)
DA:10,0
DA:11,0
DA:12,0
DA:20,0
DA:35,0
DA:47,0
DA:59,0
DA:68,0
DA:77,0
DA:94,0
DA:107,0
DA:108,0
DA:109,0
DA:110,0
DA:114,0
LF:15
LH:0
BRDA:9,0,0,0
BRDA:34,1,0,0
BRDA:46,2,0,0
BRF:3
BRH:0
end_of_record
TN:
SF:src/services/llm/claude-provider.js
FN:12,(anonymous_0)
FN:24,(anonymous_1)
FN:61,(anonymous_2)
FN:97,(anonymous_3)
FN:98,(anonymous_4)
FN:126,(anonymous_5)
FN:213,(anonymous_6)
FN:240,(anonymous_7)
FN:264,(anonymous_8)
FN:306,(anonymous_9)
FNF:10
FNH:0
FNDA:0,(anonymous_0)
FNDA:0,(anonymous_1)
FNDA:0,(anonymous_2)
FNDA:0,(anonymous_3)
FNDA:0,(anonymous_4)
FNDA:0,(anonymous_5)
FNDA:0,(anonymous_6)
FNDA:0,(anonymous_7)
FNDA:0,(anonymous_8)
FNDA:0,(anonymous_9)
DA:8,0
DA:9,0
DA:13,0
DA:14,0
DA:15,0
DA:16,0
DA:17,0
DA:25,0
DA:27,0
DA:28,0
DA:31,0
DA:32,0
DA:37,0
DA:43,0
DA:44,0
DA:46,0
DA:62,0
DA:63,0
DA:66,0
DA:72,0
DA:74,0
DA:84,0
DA:85,0
DA:89,0
DA:90,0
DA:93,0
DA:96,0
DA:97,0
DA:98,0
DA:101,0
DA:114,0
DA:127,0
DA:128,0
DA:131,0
DA:132,0
DA:135,0
DA:141,0
DA:143,0
DA:153,0
DA:154,0
DA:157,0
DA:158,0
DA:161,0
DA:163,0
DA:164,0
DA:165,0
DA:166,0
DA:167,0
DA:169,0
DA:170,0
DA:172,0
DA:173,0
DA:174,0
DA:175,0
DA:177,0
DA:178,0
DA:179,0
DA:180,0
DA:182,0
DA:184,0
DA:185,0
DA:186,0
DA:188,0
DA:192,0
DA:194,0
DA:203,0
DA:214,0
DA:216,0
DA:219,0
DA:222,0
DA:227,0
DA:230,0
DA:231,0
DA:241,0
DA:242,0
DA:245,0
DA:247,0
DA:252,0
DA:254,0
DA:255,0
DA:265,0
DA:307,0
DA:310,0
DA:311,0
DA:312,0
DA:316,0
DA:317,0
DA:318,0
DA:322,0
DA:323,0
DA:326,0
DA:333,0
LF:92
LH:0
BRDA:12,0,0,0
BRDA:16,1,0,0
BRDA:16,1,1,0
BRDA:17,2,0,0
BRDA:17,2,1,0
BRDA:25,3,0,0
BRDA:25,3,1,0
BRDA:27,4,0,0
BRDA:27,4,1,0
BRDA:61,5,0,0
BRDA:62,6,0,0
BRDA:62,6,1,0
BRDA:68,7,0,0
BRDA:69,8,0,0
BRDA:70,9,0,0
BRDA:71,10,0,0
BRDA:84,11,0,0
BRDA:84,11,1,0
BRDA:89,12,0,0
BRDA:89,12,1,0
BRDA:126,13,0,0
BRDA:127,14,0,0
BRDA:127,14,1,0
BRDA:131,15,0,0
BRDA:131,15,1,0
BRDA:137,16,0,0
BRDA:138,17,0,0
BRDA:139,18,0,0
BRDA:140,19,0,0
BRDA:153,20,0,0
BRDA:153,20,1,0
BRDA:157,21,0,0
BRDA:157,21,1,0
BRDA:170,22,0,0
BRDA:170,22,1,0
BRDA:175,23,0,0
BRDA:175,23,1,0
BRDA:177,24,0,0
BRDA:177,24,1,0
BRDA:182,25,0,0
BRDA:182,25,1,0
BRDA:186,26,0,0
BRDA:186,26,1,0
BRDA:214,27,0,0
BRDA:214,27,1,0
BRDA:241,28,0,0
BRDA:241,28,1,0
BRDA:310,29,0,0
BRDA:310,29,1,0
BRDA:311,30,0,0
BRDA:311,30,1,0
BRDA:317,31,0,0
BRDA:317,31,1,0
BRDA:317,32,0,0
BRDA:317,32,1,0
BRDA:322,33,0,0
BRDA:322,33,1,0
BRDA:322,34,0,0
BRDA:322,34,1,0
BRF:59
BRH:0
end_of_record
TN:
SF:src/services/llm/gemini-provider.js
FN:12,(anonymous_0)
FN:25,(anonymous_1)
FN:58,(anonymous_2)
FN:124,(anonymous_3)
FN:201,(anonymous_4)
FN:212,(anonymous_5)
FN:236,(anonymous_6)
FN:270,(anonymous_7)
FNF:8
FNH:0
FNDA:0,(anonymous_0)
FNDA:0,(anonymous_1)
FNDA:0,(anonymous_2)
FNDA:0,(anonymous_3)
FNDA:0,(anonymous_4)
FNDA:0,(anonymous_5)
FNDA:0,(anonymous_6)
FNDA:0,(anonymous_7)
DA:8,0
DA:9,0
DA:13,0
DA:14,0
DA:15,0
DA:16,0
DA:17,0
DA:18,0
DA:26,0
DA:28,0
DA:29,0
DA:32,0
DA:33,0
DA:34,0
DA:37,0
DA:38,0
DA:40,0
DA:41,0
DA:43,0
DA:59,0
DA:60,0
DA:63,0
DA:69,0
DA:72,0
DA:73,0
DA:74,0
DA:77,0
DA:82,0
DA:83,0
DA:86,0
DA:91,0
DA:92,0
DA:96,0
DA:101,0
DA:103,0
DA:112,0
DA:125,0
DA:126,0
DA:129,0
DA:130,0
DA:133,0
DA:139,0
DA:142,0
DA:143,0
DA:144,0
DA:147,0
DA:152,0
DA:153,0
DA:156,0
DA:161,0
DA:162,0
DA:164,0
DA:165,0
DA:166,0
DA:167,0
DA:169,0
DA:170,0
DA:175,0
DA:180,0
DA:182,0
DA:191,0
DA:204,0
DA:213,0
DA:214,0
DA:217,0
DA:219,0
DA:223,0
DA:224,0
DA:226,0
DA:227,0
DA:237,0
DA:271,0
DA:274,0
DA:275,0
DA:276,0
DA:280,0
DA:281,0
DA:282,0
DA:286,0
DA:287,0
DA:290,0
DA:297,0
LF:82
LH:0
BRDA:12,0,0,0
BRDA:16,1,0,0
BRDA:16,1,1,0
BRDA:18,2,0,0
BRDA:18,2,1,0
BRDA:26,3,0,0
BRDA:26,3,1,0
BRDA:28,4,0,0
BRDA:28,4,1,0
BRDA:58,5,0,0
BRDA:59,6,0,0
BRDA:59,6,1,0
BRDA:65,7,0,0
BRDA:66,8,0,0
BRDA:67,9,0,0
BRDA:68,10,0,0
BRDA:73,11,0,0
BRDA:73,11,1,0
BRDA:82,12,0,0
BRDA:82,12,1,0
BRDA:108,13,0,0
BRDA:108,13,1,0
BRDA:124,14,0,0
BRDA:125,15,0,0
BRDA:125,15,1,0
BRDA:129,16,0,0
BRDA:129,16,1,0
BRDA:135,17,0,0
BRDA:136,18,0,0
BRDA:137,19,0,0
BRDA:138,20,0,0
BRDA:143,21,0,0
BRDA:143,21,1,0
BRDA:152,22,0,0
BRDA:152,22,1,0
BRDA:169,23,0,0
BRDA:169,23,1,0
BRDA:187,24,0,0
BRDA:187,24,1,0
BRDA:213,25,0,0
BRDA:213,25,1,0
BRDA:274,26,0,0
BRDA:274,26,1,0
BRDA:275,27,0,0
BRDA:275,27,1,0
BRDA:281,28,0,0
BRDA:281,28,1,0
BRDA:281,29,0,0
BRDA:281,29,1,0
BRDA:286,30,0,0
BRDA:286,30,1,0
BRDA:286,31,0,0
BRDA:286,31,1,0
BRF:53
BRH:0
end_of_record
TN:
SF:src/services/llm/llm-manager.js
FN:14,(anonymous_0)
FN:27,(anonymous_1)
FN:51,(anonymous_2)
FN:86,(anonymous_3)
FN:94,(anonymous_4)
FN:103,(anonymous_5)
FN:128,(anonymous_6)
FN:145,(anonymous_7)
FN:189,(anonymous_8)
FN:205,(anonymous_9)
FN:245,(anonymous_10)
FN:266,(anonymous_11)
FN:281,(anonymous_12)
FN:294,(anonymous_13)
FN:307,(anonymous_14)
FNF:15
FNH:0
FNDA:0,(anonymous_0)
FNDA:0,(anonymous_1)
FNDA:0,(anonymous_2)
FNDA:0,(anonymous_3)
FNDA:0,(anonymous_4)
FNDA:0,(anonymous_5)
FNDA:0,(anonymous_6)
FNDA:0,(anonymous_7)
FNDA:0,(anonymous_8)
FNDA:0,(anonymous_9)
FNDA:0,(anonymous_10)
FNDA:0,(anonymous_11)
FNDA:0,(anonymous_12)
FNDA:0,(anonymous_13)
FNDA:0,(anonymous_14)
DA:8,0
DA:9,0
DA:10,0
DA:11,0
DA:15,0
DA:16,0
DA:17,0
DA:18,0
DA:19,0
DA:20,0
DA:28,0
DA:30,0
DA:50,0
DA:52,0
DA:53,0
DA:54,0
DA:55,0
DA:56,0
DA:57,0
DA:59,0
DA:60,0
DA:66,0
DA:67,0
DA:68,0
DA:72,0
DA:73,0
DA:74,0
DA:77,0
DA:78,0
DA:87,0
DA:95,0
DA:104,0
DA:105,0
DA:107,0
DA:108,0
DA:110,0
DA:111,0
DA:129,0
DA:130,0
DA:137,0
DA:140,0
DA:141,0
DA:143,0
DA:145,0
DA:149,0
DA:152,0
DA:153,0
DA:155,0
DA:156,0
DA:159,0
DA:160,0
DA:161,0
DA:162,0
DA:163,0
DA:165,0
DA:166,0
DA:168,0
DA:169,0
DA:173,0
DA:178,0
DA:190,0
DA:191,0
DA:198,0
DA:201,0
DA:202,0
DA:203,0
DA:205,0
DA:209,0
DA:212,0
DA:213,0
DA:215,0
DA:216,0
DA:219,0
DA:220,0
DA:221,0
DA:222,0
DA:223,0
DA:225,0
DA:226,0
DA:228,0
DA:229,0
DA:233,0
DA:238,0
DA:246,0
DA:248,0
DA:249,0
DA:252,0
DA:267,0
DA:268,0
DA:269,0
DA:273,0
DA:282,0
DA:283,0
DA:286,0
DA:287,0
DA:295,0
DA:308,0
DA:310,0
DA:311,0
DA:312,0
DA:313,0
DA:314,0
DA:316,0
DA:323,0
DA:330,0
DA:334,0
LF:106
LH:0
BRDA:14,0,0,0
BRDA:18,1,0,0
BRDA:18,1,1,0
BRDA:20,2,0,0
BRDA:20,2,1,0
BRDA:33,3,0,0
BRDA:33,3,1,0
BRDA:37,4,0,0
BRDA:37,4,1,0
BRDA:41,5,0,0
BRDA:41,5,1,0
BRDA:45,6,0,0
BRDA:45,6,1,0
BRDA:67,7,0,0
BRDA:67,7,1,0
BRDA:72,8,0,0
BRDA:72,8,1,0
BRDA:87,9,0,0
BRDA:87,9,1,0
BRDA:105,10,0,0
BRDA:105,10,1,0
BRDA:128,11,0,0
BRDA:129,12,0,0
BRDA:129,12,1,0
BRDA:134,13,0,0
BRDA:135,14,0,0
BRDA:141,15,0,0
BRDA:141,15,1,0
BRDA:145,16,0,0
BRDA:145,16,1,0
BRDA:155,17,0,0
BRDA:155,17,1,0
BRDA:168,18,0,0
BRDA:168,18,1,0
BRDA:189,19,0,0
BRDA:190,20,0,0
BRDA:190,20,1,0
BRDA:195,21,0,0
BRDA:196,22,0,0
BRDA:202,23,0,0
BRDA:202,23,1,0
BRDA:205,24,0,0
BRDA:205,24,1,0
BRDA:215,25,0,0
BRDA:215,25,1,0
BRDA:228,26,0,0
BRDA:228,26,1,0
BRDA:268,27,0,0
BRDA:268,27,1,0
BRDA:282,28,0,0
BRDA:282,28,1,0
BRF:51
BRH:0
end_of_record
TN:
SF:src/services/llm/ollama-provider.js
FN:12,(anonymous_0)
FN:28,(anonymous_1)
FN:39,(anonymous_2)
FN:42,(anonymous_3)
FN:67,(anonymous_4)
FN:134,(anonymous_5)
FN:180,(anonymous_6)
FN:181,(anonymous_7)
FN:183,(anonymous_8)
FN:209,(anonymous_9)
FN:227,(anonymous_10)
FN:242,(anonymous_11)
FN:253,(anonymous_12)
FN:273,(anonymous_13)
FN:306,(anonymous_14)
FN:330,(anonymous_15)
FN:346,(anonymous_16)
FN:355,(anonymous_17)
FN:356,(anonymous_18)
FN:358,(anonymous_19)
FN:373,(anonymous_20)
FNF:21
FNH:0
FNDA:0,(anonymous_0)
FNDA:0,(anonymous_1)
FNDA:0,(anonymous_2)
FNDA:0,(anonymous_3)
FNDA:0,(anonymous_4)
FNDA:0,(anonymous_5)
FNDA:0,(anonymous_6)
FNDA:0,(anonymous_7)
FNDA:0,(anonymous_8)
FNDA:0,(anonymous_9)
FNDA:0,(anonymous_10)
FNDA:0,(anonymous_11)
FNDA:0,(anonymous_12)
FNDA:0,(anonymous_13)
FNDA:0,(anonymous_14)
FNDA:0,(anonymous_15)
FNDA:0,(anonymous_16)
FNDA:0,(anonymous_17)
FNDA:0,(anonymous_18)
FNDA:0,(anonymous_19)
FNDA:0,(anonymous_20)
DA:8,0
DA:9,0
DA:13,0
DA:14,0
DA:15,0
DA:16,0
DA:17,0
DA:18,0
DA:29,0
DA:31,0
DA:33,0
DA:34,0
DA:38,0
DA:39,0
DA:41,0
DA:42,0
DA:43,0
DA:46,0
DA:47,0
DA:49,0
DA:50,0
DA:52,0
DA:68,0
DA:69,0
DA:72,0
DA:78,0
DA:80,0
DA:91,0
DA:92,0
DA:96,0
DA:97,0
DA:100,0
DA:102,0
DA:104,0
DA:122,0
DA:135,0
DA:136,0
DA:139,0
DA:140,0
DA:143,0
DA:149,0
DA:151,0
DA:161,0
DA:162,0
DA:165,0
DA:166,0
DA:169,0
DA:173,0
DA:174,0
DA:175,0
DA:176,0
DA:177,0
DA:178,0
DA:180,0
DA:181,0
DA:182,0
DA:183,0
DA:185,0
DA:186,0
DA:188,0
DA:189,0
DA:190,0
DA:193,0
DA:194,0
DA:197,0
DA:198,0
DA:199,0
DA:200,0
DA:201,0
DA:205,0
DA:209,0
DA:210,0
DA:227,0
DA:228,0
DA:232,0
DA:245,0
DA:254,0
DA:255,0
DA:258,0
DA:260,0
DA:261,0
DA:263,0
DA:264,0
DA:274,0
DA:307,0
DA:310,0
DA:311,0
DA:315,0
DA:316,0
DA:319,0
DA:331,0
DA:332,0
DA:333,0
DA:335,0
DA:347,0
DA:348,0
DA:355,0
DA:356,0
DA:357,0
DA:358,0
DA:359,0
DA:360,0
DA:361,0
DA:362,0
DA:364,0
DA:365,0
DA:369,0
DA:373,0
DA:374,0
DA:378,0
DA:383,0
LF:111
LH:0
BRDA:12,0,0,0
BRDA:15,1,0,0
BRDA:15,1,1,0
BRDA:15,1,2,0
BRDA:16,2,0,0
BRDA:16,2,1,0
BRDA:17,3,0,0
BRDA:17,3,1,0
BRDA:33,4,0,0
BRDA:33,4,1,0
BRDA:38,5,0,0
BRDA:38,5,1,0
BRDA:39,6,0,0
BRDA:39,6,1,0
BRDA:41,7,0,0
BRDA:41,7,1,0
BRDA:49,8,0,0
BRDA:49,8,1,0
BRDA:67,9,0,0
BRDA:68,10,0,0
BRDA:68,10,1,0
BRDA:74,11,0,0
BRDA:75,12,0,0
BRDA:76,13,0,0
BRDA:77,14,0,0
BRDA:91,15,0,0
BRDA:91,15,1,0
BRDA:96,16,0,0
BRDA:96,16,1,0
BRDA:107,17,0,0
BRDA:107,17,1,0
BRDA:108,18,0,0
BRDA:108,18,1,0
BRDA:109,19,0,0
BRDA:109,19,1,0
BRDA:109,20,0,0
BRDA:109,20,1,0
BRDA:113,21,0,0
BRDA:113,21,1,0
BRDA:113,22,0,0
BRDA:113,22,1,0
BRDA:116,23,0,0
BRDA:116,23,1,0
BRDA:117,24,0,0
BRDA:117,24,1,0
BRDA:118,25,0,0
BRDA:118,25,1,0
BRDA:134,26,0,0
BRDA:135,27,0,0
BRDA:135,27,1,0
BRDA:139,28,0,0
BRDA:139,28,1,0
BRDA:145,29,0,0
BRDA:146,30,0,0
BRDA:147,31,0,0
BRDA:148,32,0,0
BRDA:161,33,0,0
BRDA:161,33,1,0
BRDA:165,34,0,0
BRDA:165,34,1,0
BRDA:188,35,0,0
BRDA:188,35,1,0
BRDA:193,36,0,0
BRDA:193,36,1,0
BRDA:197,37,0,0
BRDA:197,37,1,0
BRDA:198,38,0,0
BRDA:198,38,1,0
BRDA:200,39,0,0
BRDA:200,39,1,0
BRDA:201,40,0,0
BRDA:201,40,1,0
BRDA:213,41,0,0
BRDA:213,41,1,0
BRDA:214,42,0,0
BRDA:214,42,1,0
BRDA:222,43,0,0
BRDA:222,43,1,0
BRDA:254,44,0,0
BRDA:254,44,1,0
BRDA:310,45,0,0
BRDA:310,45,1,0
BRDA:315,46,0,0
BRDA:315,46,1,0
BRDA:333,47,0,0
BRDA:333,47,1,0
BRDA:346,48,0,0
BRDA:361,49,0,0
BRDA:361,49,1,0
BRDA:364,50,0,0
BRDA:364,50,1,0
BRF:91
BRH:0
end_of_record
TN:
SF:src/services/llm/openai-provider.js
FN:12,(anonymous_0)
FN:24,(anonymous_1)
FN:61,(anonymous_2)
FN:124,(anonymous_3)
FN:218,(anonymous_4)
FN:233,(anonymous_5)
FN:257,(anonymous_6)
FN:299,(anonymous_7)
FNF:8
FNH:0
FNDA:0,(anonymous_0)
FNDA:0,(anonymous_1)
FNDA:0,(anonymous_2)
FNDA:0,(anonymous_3)
FNDA:0,(anonymous_4)
FNDA:0,(anonymous_5)
FNDA:0,(anonymous_6)
FNDA:0,(anonymous_7)
DA:8,0
DA:9,0
DA:13,0
DA:14,0
DA:15,0
DA:16,0
DA:17,0
DA:25,0
DA:27,0
DA:28,0
DA:31,0
DA:32,0
DA:37,0
DA:43,0
DA:44,0
DA:46,0
DA:62,0
DA:63,0
DA:66,0
DA:72,0
DA:74,0
DA:77,0
DA:78,0
DA:81,0
DA:83,0
DA:91,0
DA:92,0
DA:95,0
DA:97,0
DA:99,0
DA:112,0
DA:125,0
DA:126,0
DA:129,0
DA:130,0
DA:133,0
DA:139,0
DA:141,0
DA:143,0
DA:144,0
DA:147,0
DA:149,0
DA:157,0
DA:158,0
DA:161,0
DA:163,0
DA:164,0
DA:165,0
DA:166,0
DA:168,0
DA:169,0
DA:171,0
DA:172,0
DA:175,0
DA:176,0
DA:179,0
DA:180,0
DA:181,0
DA:182,0
DA:185,0
DA:186,0
DA:192,0
DA:197,0
DA:199,0
DA:208,0
DA:225,0
DA:234,0
DA:235,0
DA:238,0
DA:240,0
DA:245,0
DA:247,0
DA:248,0
DA:258,0
DA:300,0
DA:303,0
DA:304,0
DA:305,0
DA:309,0
DA:310,0
DA:311,0
DA:315,0
DA:316,0
DA:319,0
DA:326,0
LF:85
LH:0
BRDA:12,0,0,0
BRDA:16,1,0,0
BRDA:16,1,1,0
BRDA:17,2,0,0
BRDA:17,2,1,0
BRDA:25,3,0,0
BRDA:25,3,1,0
BRDA:27,4,0,0
BRDA:27,4,1,0
BRDA:61,5,0,0
BRDA:62,6,0,0
BRDA:62,6,1,0
BRDA:68,7,0,0
BRDA:69,8,0,0
BRDA:70,9,0,0
BRDA:71,10,0,0
BRDA:77,11,0,0
BRDA:77,11,1,0
BRDA:91,12,0,0
BRDA:91,12,1,0
BRDA:124,13,0,0
BRDA:125,14,0,0
BRDA:125,14,1,0
BRDA:129,15,0,0
BRDA:129,15,1,0
BRDA:135,16,0,0
BRDA:136,17,0,0
BRDA:137,18,0,0
BRDA:138,19,0,0
BRDA:143,20,0,0
BRDA:143,20,1,0
BRDA:157,21,0,0
BRDA:157,21,1,0
BRDA:171,22,0,0
BRDA:171,22,1,0
BRDA:175,23,0,0
BRDA:175,23,1,0
BRDA:179,24,0,0
BRDA:179,24,1,0
BRDA:185,25,0,0
BRDA:185,25,1,0
BRDA:193,26,0,0
BRDA:193,26,1,0
BRDA:234,27,0,0
BRDA:234,27,1,0
BRDA:303,28,0,0
BRDA:303,28,1,0
BRDA:304,29,0,0
BRDA:304,29,1,0
BRDA:310,30,0,0
BRDA:310,30,1,0
BRDA:310,31,0,0
BRDA:310,31,1,0
BRDA:315,32,0,0
BRDA:315,32,1,0
BRDA:315,33,0,0
BRDA:315,33,1,0
BRF:57
BRH:0
end_of_record
TN:
SF:src/services/llm/rag-engine.js
FN:16,(anonymous_0)
FN:32,(anonymous_1)
FN:92,(anonymous_2)
FN:127,(anonymous_3)
FN:135,(anonymous_4)
FN:136,(anonymous_5)
FN:155,(anonymous_6)
FN:163,(anonymous_7)
FN:164,(anonymous_8)
FN:184,(anonymous_9)
FN:191,(anonymous_10)
FN:206,(anonymous_11)
FN:256,(anonymous_12)
FN:299,(anonymous_13)
FN:328,(anonymous_14)
FN:344,(anonymous_15)
FN:354,(anonymous_16)
FN:357,(anonymous_17)
FN:358,(anonymous_18)
FN:381,(anonymous_19)
FNF:20
FNH:0
FNDA:0,(anonymous_0)
FNDA:0,(anonymous_1)
FNDA:0,(anonymous_2)
FNDA:0,(anonymous_3)
FNDA:0,(anonymous_4)
FNDA:0,(anonymous_5)
FNDA:0,(anonymous_6)
FNDA:0,(anonymous_7)
FNDA:0,(anonymous_8)
FNDA:0,(anonymous_9)
FNDA:0,(anonymous_10)
FNDA:0,(anonymous_11)
FNDA:0,(anonymous_12)
FNDA:0,(anonymous_13)
FNDA:0,(anonymous_14)
FNDA:0,(anonymous_15)
FNDA:0,(anonymous_16)
FNDA:0,(anonymous_17)
FNDA:0,(anonymous_18)
FNDA:0,(anonymous_19)
DA:11,0
DA:12,0
DA:13,0
DA:17,0
DA:18,0
DA:19,0
DA:20,0
DA:21,0
DA:22,0
DA:23,0
DA:24,0
DA:25,0
DA:34,0
DA:36,0
DA:37,0
DA:40,0
DA:41,0
DA:44,0
DA:56,0
DA:59,0
DA:61,0
DA:62,0
DA:63,0
DA:66,0
DA:82,0
DA:84,0
DA:93,0
DA:128,0
DA:129,0
DA:132,0
DA:134,0
DA:135,0
DA:136,0
DA:156,0
DA:157,0
DA:160,0
DA:162,0
DA:163,0
DA:164,0
DA:185,0
DA:188,0
DA:189,0
DA:191,0
DA:192,0
DA:193,0
DA:194,0
DA:195,0
DA:196,0
DA:198,0
DA:203,0
DA:204,0
DA:206,0
DA:207,0
DA:208,0
DA:209,0
DA:210,0
DA:211,0
DA:213,0
DA:214,0
DA:215,0
DA:216,0
DA:217,0
DA:218,0
DA:219,0
DA:222,0
DA:223,0
DA:226,0
DA:227,0
DA:230,0
DA:231,0
DA:234,0
DA:238,0
DA:239,0
DA:242,0
DA:257,0
DA:258,0
DA:267,0
DA:270,0
DA:271,0
DA:272,0
DA:275,0
DA:278,0
DA:285,0
DA:294,0
DA:296,0
DA:303,0
DA:307,0
DA:329,0
DA:345,0
DA:355,0
DA:357,0
DA:358,0
DA:360,0
DA:361,0
DA:362,0
DA:363,0
DA:364,0
DA:366,0
DA:369,0
DA:382,0
DA:392,0
LF:101
LH:0
BRDA:16,0,0,0
BRDA:23,1,0,0
BRDA:23,1,1,0
BRDA:24,2,0,0
BRDA:24,2,1,0
BRDA:34,3,0,0
BRDA:34,3,1,0
BRDA:36,4,0,0
BRDA:36,4,1,0
BRDA:59,5,0,0
BRDA:59,5,1,0
BRDA:61,6,0,0
BRDA:61,6,1,0
BRDA:127,7,0,0
BRDA:128,8,0,0
BRDA:128,8,1,0
BRDA:155,9,0,0
BRDA:156,10,0,0
BRDA:156,10,1,0
BRDA:166,11,0,0
BRDA:166,11,1,0
BRDA:184,12,0,0
BRDA:188,13,0,0
BRDA:188,13,1,0
BRDA:195,14,0,0
BRDA:195,14,1,0
BRDA:195,15,0,0
BRDA:195,15,1,0
BRDA:203,16,0,0
BRDA:203,16,1,0
BRDA:209,17,0,0
BRDA:209,17,1,0
BRDA:210,18,0,0
BRDA:210,18,1,0
BRDA:213,19,0,0
BRDA:213,19,1,0
BRDA:215,20,0,0
BRDA:215,20,1,0
BRDA:216,21,0,0
BRDA:216,21,1,0
BRDA:217,22,0,0
BRDA:217,22,1,0
BRDA:218,23,0,0
BRDA:218,23,1,0
BRDA:219,24,0,0
BRDA:219,24,1,0
BRDA:222,25,0,0
BRDA:222,25,1,0
BRDA:223,26,0,0
BRDA:223,26,1,0
BRDA:223,27,0,0
BRDA:223,27,1,0
BRDA:226,28,0,0
BRDA:226,28,1,0
BRDA:230,29,0,0
BRDA:230,29,1,0
BRDA:238,30,0,0
BRDA:238,30,1,0
BRDA:238,31,0,0
BRDA:238,31,1,0
BRDA:256,32,0,0
BRDA:257,33,0,0
BRDA:257,33,1,0
BRDA:262,34,0,0
BRDA:263,35,0,0
BRDA:264,36,0,0
BRDA:265,37,0,0
BRDA:294,38,0,0
BRDA:294,38,1,0
BRDA:299,39,0,0
BRDA:299,39,1,0
BRDA:328,40,0,0
BRDA:344,41,0,0
BRDA:361,42,0,0
BRDA:361,42,1,0
BRDA:363,43,0,0
BRDA:363,43,1,0
BRDA:371,44,0,0
BRDA:371,44,1,0
BRDA:383,45,0,0
BRDA:383,45,1,0
BRF:81
BRH:0
end_of_record
TN:
SF:src/utils/logger.js
FN:35,getLevelColor
FN:53,formatMessage
FN:71,shouldLog
FN:87,(anonymous_3)
FN:96,(anonymous_4)
FN:105,(anonymous_5)
FN:114,(anonymous_6)
FN:123,(anonymous_7)
FNF:8
FNH:4
FNDA:6,getLevelColor
FNDA:6,formatMessage
FNDA:6,shouldLog
FNDA:0,(anonymous_3)
FNDA:0,(anonymous_4)
FNDA:0,(anonymous_5)
FNDA:6,(anonymous_6)
FNDA:0,(anonymous_7)
DA:11,1
DA:21,1
DA:36,6
DA:38,0
DA:40,0
DA:42,0
DA:44,6
DA:46,0
DA:54,6
DA:55,6
DA:56,6
DA:58,6
DA:61,6
DA:62,6
DA:65,6
DA:72,6
DA:73,6
DA:74,6
DA:75,6
DA:77,6
DA:83,1
DA:88,0
DA:89,0
DA:97,0
DA:98,0
DA:106,0
DA:107,0
DA:115,6
DA:116,6
DA:124,0
DA:125,0
DA:127,0
DA:132,0
DA:138,0
DA:142,1
LF:35
LH:20
BRDA:36,0,0,0
BRDA:36,0,1,0
BRDA:36,0,2,0
BRDA:36,0,3,6
BRDA:36,0,4,0
BRDA:53,1,0,0
BRDA:61,2,0,6
BRDA:61,2,1,0
BRDA:72,3,0,6
BRDA:72,3,1,0
BRDA:87,4,0,0
BRDA:88,5,0,0
BRDA:88,5,1,0
BRDA:96,6,0,0
BRDA:97,7,0,0
BRDA:97,7,1,0
BRDA:105,8,0,0
BRDA:106,9,0,0
BRDA:106,9,1,0
BRDA:114,10,0,0
BRDA:115,11,0,6
BRDA:115,11,1,0
BRDA:127,12,0,0
BRDA:127,12,1,0
BRDA:128,13,0,0
BRDA:128,13,1,0
BRDA:129,14,0,0
BRDA:129,14,1,0
BRF:28
BRH:4
end_of_record
TN:
SF:src/utils/response-formatter.js
FN:14,formatSuccess
FN:32,formatError
FN:58,formatPaginated
FN:77,sendSuccess
FN:89,sendError
FN:100,sendPaginated
FNF:6
FNH:6
FNDA:9,formatSuccess
FNDA:11,formatError
FNDA:4,formatPaginated
FNDA:2,sendSuccess
FNDA:2,sendError
FNDA:1,sendPaginated
DA:15,9
DA:33,11
DA:44,11
DA:45,4
DA:48,11
DA:59,4
DA:78,2
DA:90,2
DA:101,1
DA:104,2
LF:10
LH:10
BRDA:14,0,0,2
BRDA:32,1,0,3
BRDA:44,2,0,4
BRDA:44,2,1,7
BRDA:58,3,0,3
BRDA:62,4,0,4
BRDA:62,4,1,1
BRDA:63,5,0,4
BRDA:63,5,1,1
BRDA:64,6,0,4
BRDA:64,6,1,1
BRDA:65,7,0,4
BRDA:65,7,1,1
BRDA:65,8,0,4
BRDA:65,8,1,1
BRDA:77,9,0,1
BRDA:77,10,0,2
BRDA:89,11,0,1
BRDA:89,12,0,2
BRDA:100,13,0,1
BRF:20
BRH:20
end_of_record
